=================================================
           QemuAFL build script
=================================================

[*] Performing basic sanity checks...
[+] All checks passed!
[*] Making sure qemuafl is checked out
[+] Got qemuafl.
[*] Making sure imported headers matches
[*] Configuring QEMU for ...
Building for CPU target x86_64
Using './build' as the directory for build output
The Meson build system
Version: 0.55.0
Source dir: /home/kai/project/afl_plus/AFLplusplus/qemu_mode/qemuafl
Build dir: /home/kai/project/afl_plus/AFLplusplus/qemu_mode/qemuafl/build
Build type: native build
Project name: qemu
Project version: 5.2.50
C compiler for the host machine: cc (gcc 11.4.0 "cc (Ubuntu 11.4.0-1ubuntu1~22.04) 11.4.0")
C linker for the host machine: cc ld.bfd 2.38
Host machine cpu family: x86_64
Host machine cpu: x86_64
../meson.build:10: WARNING: Module unstable-keyval has no backwards or forwards compatibility and might not exist in future releases.
Program sh found: YES
Program python3 found: YES (/home/kai/.virtualenvs/angr/bin/python3)
Program bzip2 found: YES
C++ compiler for the host machine: c++ (gcc 11.4.0 "c++ (Ubuntu 11.4.0-1ubuntu1~22.04) 11.4.0")
C++ linker for the host machine: c++ ld.bfd 2.38
Program cgcc found: NO
Library m found: YES
Library util found: YES
Run-time dependency appleframeworks found: NO (tried framework)
Library aio found: NO
Found pkg-config: /usr/bin/pkg-config (0.29.2)
Run-time dependency zlib found: YES 1.2.11
Dependency libnfs skipped: feature libnfs disabled
Run-time dependency appleframeworks found: NO (tried framework)
Dependency libseccomp skipped: feature seccomp disabled
Library cap-ng skipped: feature cap_ng disabled
Library rt found: YES
Library dl found: YES
Dependency libiscsi skipped: feature libiscsi disabled
Dependency libcurl skipped: feature curl disabled
Library brlapi skipped: feature brlapi disabled
Dependency sdl2 skipped: feature sdl disabled
Library rados skipped: feature rbd disabled
Library rbd skipped: feature rbd disabled
Dependency glusterfs-api skipped: feature glusterfs disabled
Library bz2 skipped: feature bzip2 disabled
Dependency gtk+-3.0 skipped: feature gtk disabled
Library snappy skipped: feature snappy disabled
Library lzo2 skipped: feature lzo disabled
Run-time dependency libkeyutils found: NO (tried pkgconfig)
Checking for function "gettid" : YES 
Run-time dependency fuse3 found: NO (tried pkgconfig)
Has header "linux/btrfs.h" : YES 
Has header "libdrm/drm.h" : NO 
Has header "pty.h" : YES 
Has header "sys/ioccom.h" : NO 
Has header "sys/kcov.h" : NO 
Checking for function "system" : YES 
Header <sys/mount.h> has symbol "FSCONFIG_SET_FLAG" : NO 
Checking for function "preadv" : YES 
Program scripts/minikconf.py found: YES
Configuring x86_64-linux-user-config-target.h using configuration
Run-time dependency capstone found: NO (tried pkgconfig)
Configuring capstone-defs.h using configuration
Configuring config-host.h using configuration
Program scripts/hxtool found: YES
Program scripts/shaderinclude.pl found: YES
Program scripts/qapi-gen.py found: YES
Program scripts/qemu-version.sh found: YES
Run-time dependency threads found: YES
Program keycodemapdb/tools/keymap-gen found: YES
Program scripts/decodetree.py found: YES
Program nm found: YES
Program scripts/undefsym.py found: YES
Program scripts/feature_to_c.sh found: YES
Program qemu-keymap found: NO
Program sphinx-build-3 sphinx-build skipped: feature docs disabled
Program python3 found: YES (/home/kai/.virtualenvs/angr/bin/python3)
Program diff found: YES
Program dbus-daemon found: YES
Program initrd-stress.sh found: YES
Build targets in project: 174

qemu 5.2.50

  Directories
                   Install prefix: /usr/local
                   BIOS directory: share/qemu
                    firmware path: /usr/local/share/qemu-firmware
                 binary directory: bin
                library directory: lib
                 module directory: lib/qemu
                libexec directory: libexec
                include directory: include
                 config directory: /usr/local/etc
            local state directory: /usr/local/var
                 Manual directory: share/man
                    Doc directory: /usr/local/share/doc
                  Build directory: /home/kai/project/afl_plus/AFLplusplus/qemu_mode/qemuafl/build
                      Source path: /home/kai/project/afl_plus/AFLplusplus/qemu_mode/qemuafl
                   GIT submodules: ui/keycodemapdb tests/fp/berkeley-testfloat-3 tests/fp/berkeley-softfloat-3 meson capstone slirp

  Host binaries
                              git: git
                             make: make
                           python: /home/kai/.virtualenvs/angr/bin/python3 (version: 3.10)
                     sphinx-build: NO
                              gdb: /usr/bin/gdb-multiarch
                      genisoimage: /usr/bin/genisoimage

  Configurable features
                    Documentation: NO
            system-mode emulation: NO
              user-mode emulation: YES
                      block layer: NO
                    Install blobs: NO
                   module support: NO
                   plugin support: YES
                  fuzzing support: NO
                   Trace backends: log
                    QOM debugging: NO
             vhost-kernel support: NO
                vhost-net support: NO
             vhost-crypto support: NO
               vhost-scsi support: NO
              vhost-vsock support: NO
               vhost-user support: NO
    vhost-user-blk server support: NO
            vhost-user-fs support: NO
               vhost-vdpa support: NO
                build guest agent: NO

  Compilation
                         host CPU: x86_64
                  host endianness: little
                       C compiler: cc
                  Host C compiler: cc
                     C++ compiler: c++
                          ARFLAGS: rv
                           CFLAGS: -O2
                         CXXFLAGS: -O2
                      QEMU_CFLAGS: -U_FORTIFY_SOURCE -D_FORTIFY_SOURCE=2 -m64 -mcx16 -D_GNU_SOURCE -D_FILE_OFFSET_BITS=64 -D_LARGEFILE_SOURCE -Wstrict-prototypes -Wredundant-decls -Wundef -Wwrite-strings -Wmissing-prototypes -fno-strict-aliasing -fno-common -fwrapv  -Wold-style-declaration -Wold-style-definition -Wtype-limits -Wformat-security -Wformat-y2k -Winit-self -Wignored-qualifiers -Wempty-body -Wnested-externs -Wendif-labels -Wexpansion-to-defined -Wimplicit-fallthrough=2 -Wno-missing-include-dirs -Wno-shift-negative-value -Wno-psabi -Wno-unused-function
                     QEMU_LDFLAGS: -Wl,--warn-common -Wl,-z,relro -Wl,-z,now -m64 -ldl
                         profiler: NO
     link-time optimization (LTO): NO
                              PIE: YES
                     static build: NO
              malloc trim support: YES
                       membarrier: NO
                   preadv support: YES
                        fdatasync: YES
                          madvise: YES
                    posix_madvise: YES
                   posix_memalign: YES
                debug stack usage: NO
                  mutex debugging: NO
                 memory allocator: system
                avx2 optimization: YES
             avx512f optimization: NO
                    gprof enabled: NO
                             gcov: NO
                 thread sanitizer: NO
                      CFI support: NO
                   strip binaries: YES
                           sparse: NO
                  mingw32 support: NO
                     x86_64 tests: cc

  Targets and accelerators
                      TCG support: YES
                      TCG backend: native (x86_64)
                TCG debug enabled: NO
                      target list: x86_64-linux-user

  Block layer support
                coroutine backend: ucontext
                   coroutine pool: YES

  Crypto
                     TLS priority: "NORMAL"
                   GNUTLS support: NO
                        libgcrypt: NO
                           nettle: NO
                     crypto afalg: NO
                         rng-none: NO
                    Linux keyring: YES

  Dependencies
                      SDL support: NO
                SDL image support: NO
                      GTK support: NO
                           pixman: NO
                      VTE support: NO
                    slirp support: NO
                         libtasn1: NO
                              PAM: NO
                    iconv support: NO
                   curses support: NO
                    virgl support: NO
                     curl support: NO
                Multipath support: NO
                      VNC support: NO
                   brlapi support: NO
                      vde support: NO
                   netmap support: NO
                Linux AIO support: NO
           Linux io_uring support: NO
               ATTR/XATTR support: YES
                     RDMA support: NO
                   PVRDMA support: NO
                      fdt support: NO
                libcap-ng support: NO
                    spice support: NO
                      rbd support: NO
                   xfsctl support: NO
                smartcard support: NO
                      U2F support: NO
                           libusb: NO
                    usb net redir: NO
                   OpenGL support: NO
                   OpenGL dmabufs: NO
                 libiscsi support: NO
                   libnfs support: NO
                  seccomp support: NO
                GlusterFS support: NO
                      TPM support: NO
                   libssh support: NO
                      lzo support: NO
                   snappy support: NO
                    bzip2 support: NO
                    lzfse support: NO
                     zstd support: NO
                NUMA host support: NO
                          libxml2: YES
                         capstone: internal
                  libpmem support: NO
                libdaxctl support: NO
                          libudev: NO
                       FUSE lseek: NO

Found ninja-1.10.2 at /home/kai/anaconda3/bin/ninja
WARNING: custom_target 'shared QAPI source files' has more than one output! Using the first one.
WARNING: custom_target 'Test QAPI files' has more than one output! Using the first one.
WARNING: custom_target 'QAPI test (include)' has more than one output! Using the first one.
WARNING: custom_target 'QAPI doc' has more than one output! Using the first one.
WARNING: custom_target 'dbus-vmstate description' has more than one output! Using the first one.
[+] Configuration complete.
[*] Attempting to build QEMU (fingers crossed!)...
changing dir to build for make ""...
make[1]: Entering directory '/home/kai/project/afl_plus/AFLplusplus/qemu_mode/qemuafl/build'
  GIT     ui/keycodemapdb tests/fp/berkeley-testfloat-3 tests/fp/berkeley-softfloat-3 meson capstone slirp
/home/kai/anaconda3/bin/ninja  build.ninja && touch build.ninja.stamp
ninja: no work to do.
/home/kai/.virtualenvs/angr/bin/python3 -B /home/kai/project/afl_plus/AFLplusplus/qemu_mode/qemuafl/meson/meson.py introspect --targets --tests --benchmarks | /home/kai/.virtualenvs/angr/bin/python3 -B scripts/mtest2make.py > Makefile.mtest
  GIT     ui/keycodemapdb tests/fp/berkeley-testfloat-3 tests/fp/berkeley-softfloat-3 meson capstone slirp
[1/1001] Compiling C object libcapstone.a.p/capstone_MCInstrDesc.c.o
[2/1001] Compiling C object libcapstone.a.p/capstone_MCRegisterInfo.c.o
[3/1001] Compiling C object libcapstone.a.p/capstone_SStream.c.o
[4/1001] Compiling C object libcapstone.a.p/capstone_MCInst.c.o
[5/1001] Compiling C object libcapstone.a.p/capstone_utils.c.o
[6/1001] Compiling C object libcapstone.a.p/capstone_arch_X86_X86InstPrinterCommon.c.o
[7/1001] Compiling C object libcapstone.a.p/capstone_arch_X86_X86Module.c.o
[8/1001] Compiling C object libcapstone.a.p/capstone_cs.c.o
[9/1001] Compiling C object libcapstone.a.p/capstone_arch_X86_X86Disassembler.c.o
[10/1001] Generating trace-target_sparc.c with a custom command
[11/1001] Generating trace-target_s390x.c with a custom command
[12/1001] Generating qemu-version.h with a meson_exe.py custom command
fatal: No names found, cannot describe anything.
[13/1001] Generating trace-root.c with a custom command
[14/1001] Generating trace-crypto.h with a custom command
[15/1001] Generating trace-root.h with a custom command
[16/1001] Compiling C object libcapstone.a.p/capstone_arch_X86_X86ATTInstPrinter.c.o
[17/1001] Generating trace-qapi.h with a custom command
[18/1001] Generating trace-crypto.c with a custom command
[19/1001] Generating trace-target_sparc.h with a custom command
[20/1001] Generating trace-qom.h with a custom command
[21/1001] Generating trace-qapi.c with a custom command
[22/1001] Generating trace-qom.c with a custom command
[23/1001] Compiling C object libcapstone.a.p/capstone_arch_X86_X86IntelInstPrinter.c.o
[24/1001] Generating qemu-options.def with a meson_exe.py custom command
[25/1001] Generating trace-monitor.h with a custom command
[26/1001] Generating trace-monitor.c with a custom command
[27/1001] Generating trace-util.h with a custom command
[28/1001] Generating qemu-img-cmds.h with a meson_exe.py custom command
[29/1001] Generating trace-linux_user.h with a custom command
[30/1001] Generating trace-linux_user.c with a custom command
[31/1001] Generating trace-util.c with a custom command
[32/1001] Generating trace-accel_tcg.h with a custom command
[33/1001] Generating trace-hw_core.h with a custom command
[34/1001] Generating trace-accel_tcg.c with a custom command
[35/1001] Generating trace-hw_core.c with a custom command
[36/1001] Compiling C object libcapstone.a.p/capstone_arch_X86_X86Mapping.c.o
[37/1001] Generating trace-target_arm.h with a custom command
[38/1001] Generating trace-target_hppa.c with a custom command
[39/1001] Generating trace-target_hppa.h with a custom command
[40/1001] Generating trace-target_arm.c with a custom command
[41/1001] Generating trace-target_i386.h with a custom command
[42/1001] Generating trace-target_i386.c with a custom command
[43/1001] Generating trace-target_i386_kvm.h with a custom command
[44/1001] Generating trace-target_i386_kvm.c with a custom command
[45/1001] Generating trace-target_mips.h with a custom command
[46/1001] Generating trace-target_mips.c with a custom command
[47/1001] Generating trace-target_ppc.h with a custom command
[48/1001] Generating trace-target_riscv.h with a custom command
[49/1001] Generating trace-target_ppc.c with a custom command
[50/1001] Generating trace-target_s390x.h with a custom command
[51/1001] Generating trace-target_riscv.c with a custom command
[52/1001] Generating generated-tcg-tracers.h with a custom command
[53/1001] Generating generated-helpers.h with a custom command
[54/1001] Generating generated-helpers-wrappers.h with a custom command
[55/1001] Generating generated-helpers.c with a custom command
[56/1001] Generating 'libqemu-x86_64-linux-user.fa.p/syscall_64_nr.h'.
[57/1001] Compiling C object tests/fp/libsoftfloat.a.p/berkeley-softfloat-3_source_8086-SSE_f128M_isSignalingNaN.c.o
[58/1001] Compiling C object libcapstone.a.p/capstone_arch_X86_X86DisassemblerDecoder.c.o
[59/1001] Compiling C object tests/fp/libsoftfloat.a.p/berkeley-softfloat-3_source_8086-SSE_s_f128UIToCommonNaN.c.o
[60/1001] Compiling C object tests/fp/libsoftfloat.a.p/berkeley-softfloat-3_source_8086-SSE_s_commonNaNToF128UI.c.o
[61/1001] Linking static target libcapstone.a
[62/1001] Compiling C object tests/fp/libsoftfloat.a.p/berkeley-softfloat-3_source_8086-SSE_s_propagateNaNF128UI.c.o
[63/1001] Compiling C object tests/fp/libsoftfloat.a.p/berkeley-softfloat-3_source_extF80_le.c.o
[64/1001] Compiling C object tests/fp/libsoftfloat.a.p/berkeley-softfloat-3_source_extF80_eq.c.o
[65/1001] Generating texture-blit-frag.h with a meson_exe.py custom command
[66/1001] Generating mk with a custom command
[67/1001] Generating nl with a custom command
[68/1001] Generating ar with a custom command
[69/1001] Generating bepo with a custom command
[70/1001] Compiling C object tests/fp/libsoftfloat.a.p/berkeley-softfloat-3_source_extF80_lt.c.o
[71/1001] Generating cz with a custom command
[72/1001] Generating trace-events-all with a meson_exe.py custom command
[73/1001] Generating de-ch with a custom command
[74/1001] Generating en-gb with a custom command
[75/1001] Generating en-us with a custom command
[76/1001] Generating es with a custom command
[77/1001] Generating da with a custom command
[78/1001] Generating et with a custom command
[79/1001] Generating fo with a custom command
[80/1001] Generating fr-be with a custom command
[81/1001] Generating fr-ca with a custom command
[82/1001] Generating fr with a custom command
[83/1001] Generating texture-blit-vert.h with a meson_exe.py custom command
[84/1001] Generating texture-blit-flip-vert.h with a meson_exe.py custom command
[85/1001] Generating de with a custom command
[86/1001] Generating fr-ch with a custom command
[87/1001] Generating hr with a custom command
[88/1001] Generating fi with a custom command
[89/1001] Generating hu with a custom command
[90/1001] Generating is with a custom command
[91/1001] Generating it with a custom command
[92/1001] Generating ja with a custom command
[93/1001] Generating lt with a custom command
[94/1001] Generating lv with a custom command
[95/1001] Generating pl with a custom command
[96/1001] Generating pt with a custom command
[97/1001] Generating no with a custom command
[98/1001] Generating pt-br with a custom command
[99/1001] Generating ru with a custom command
[100/1001] Generating th with a custom command
[101/1001] Generating tr with a custom command
[102/1001] Compiling C object tests/fp/libtestfloat.a.p/berkeley-testfloat-3_source_uint128_inline.c.o
[103/1001] Compiling C object tests/fp/libtestfloat.a.p/berkeley-testfloat-3_source_uint128.c.o
[104/1001] Generating x86_64-linux-user-gdbstub-xml.c with a meson_exe.py custom command
[105/1001] Compiling C object tests/fp/libtestfloat.a.p/berkeley-testfloat-3_source_functions_common.c.o
[106/1001] Compiling C object tests/fp/libtestfloat.a.p/berkeley-testfloat-3_source_fail.c.o
[107/1001] Compiling C object tests/fp/libtestfloat.a.p/berkeley-testfloat-3_source_functionInfos.c.o
[108/1001] Compiling C object tests/fp/libsoftfloat.a.p/berkeley-softfloat-3_source_s_shortShiftRight128.c.o
[109/1001] Compiling C object tests/fp/libtestfloat.a.p/berkeley-testfloat-3_source_standardFunctionInfos.c.o
[110/1001] Compiling C object tests/fp/libtestfloat.a.p/berkeley-testfloat-3_source_random.c.o
[111/1001] Compiling C object tests/fp/libtestfloat.a.p/berkeley-testfloat-3_source_genCases_ui32.c.o
[112/1001] Compiling C object tests/fp/libtestfloat.a.p/berkeley-testfloat-3_source_genCases_ui64.c.o
[113/1001] Compiling C object tests/fp/libtestfloat.a.p/berkeley-testfloat-3_source_genCases_common.c.o
[114/1001] Generating shared QAPI source files with a custom command
[115/1001] Generating Test QAPI files with a custom command
[116/1001] Compiling C object tests/fp/libtestfloat.a.p/berkeley-testfloat-3_source_genCases_i32.c.o
[117/1001] Compiling C object tests/fp/libtestfloat.a.p/berkeley-testfloat-3_source_genCases_i64.c.o
[118/1001] Compiling C object tests/fp/libtestfloat.a.p/berkeley-testfloat-3_source_genCases_f16.c.o
[119/1001] Compiling C object tests/fp/libtestfloat.a.p/berkeley-testfloat-3_source_genCases_f64.c.o
[120/1001] Compiling C object tests/fp/libtestfloat.a.p/berkeley-testfloat-3_source_genCases_f32.c.o
[121/1001] Compiling C object libqemuutil.a.p/meson-generated_.._qapi_qapi-events-crypto.c.o
[122/1001] Compiling C object libqemuutil.a.p/util_id.c.o
[123/1001] Compiling C object tests/fp/libtestfloat.a.p/berkeley-testfloat-3_source_genCases_extF80.c.o
[124/1001] Compiling C object libqemuutil.a.p/meson-generated_.._qapi_qapi-visit-authz.c.o
[125/1001] Compiling C object libqemuutil.a.p/meson-generated_.._qapi_qapi-events-block.c.o
[126/1001] Compiling C object libqemuutil.a.p/meson-generated_.._qapi_qapi-commands-crypto.c.o
[127/1001] Compiling C object libqemuutil.a.p/qobject_block-qdict.c.o
[128/1001] Compiling C object libqemuutil.a.p/meson-generated_.._qapi_qapi-commands-block.c.o
[129/1001] Compiling C object libqemuutil.a.p/meson-generated_.._qapi_qapi-commands-authz.c.o
[130/1001] Compiling C object libqemuutil.a.p/meson-generated_.._qapi_qapi-types-block-export.c.o
[131/1001] Compiling C object libqemuutil.a.p/meson-generated_.._qapi_qapi-types-net.c.o
[132/1001] Compiling C object libqemuutil.a.p/meson-generated_.._qapi_qapi-types-block.c.o
[133/1001] Compiling C object libqemuutil.a.p/meson-generated_.._qapi_qapi-events-authz.c.o
[134/1001] Compiling C object libqemuutil.a.p/meson-generated_.._qapi_qapi-commands-block-core.c.o
[135/1001] Compiling C object libqemuutil.a.p/meson-generated_.._qapi_qapi-types-crypto.c.o
[136/1001] Compiling C object libqemuutil.a.p/meson-generated_.._qapi_qapi-visit-block.c.o
[137/1001] Compiling C object libqemuutil.a.p/meson-generated_.._qapi_qapi-commands-block-export.c.o
[138/1001] Compiling C object libqemuutil.a.p/util_qsp.c.o
[139/1001] Compiling C object libqemuutil.a.p/meson-generated_.._qapi_qapi-events-block-core.c.o
[140/1001] Compiling C object libqemuutil.a.p/meson-generated_.._qapi_qapi-visit-block-export.c.o
[141/1001] Compiling C object libqemuutil.a.p/meson-generated_.._trace_trace-target_i386_kvm.c.o
[142/1001] Compiling C object libqemuutil.a.p/meson-generated_.._trace_trace-monitor.c.o
[143/1001] Compiling C object libqemuutil.a.p/meson-generated_.._qapi_qapi-events-block-export.c.o
[144/1001] Compiling C object libqemuutil.a.p/meson-generated_.._qapi_qapi-types-common.c.o
[145/1001] Compiling C object libqemuutil.a.p/meson-generated_.._qapi_qapi-visit-crypto.c.o
[146/1001] Compiling C object libqemuutil.a.p/meson-generated_.._qapi_qapi-types-block-core.c.o
[147/1001] Compiling C object libqemuutil.a.p/meson-generated_.._qapi_qapi-types-char.c.o
[148/1001] Compiling C object libqemuutil.a.p/meson-generated_.._qapi_qapi-commands-common.c.o
[149/1001] Compiling C object libqemuutil.a.p/meson-generated_.._qapi_qapi-events-char.c.o
[150/1001] Compiling C object libqemuutil.a.p/meson-generated_.._qapi_qapi-visit-char.c.o
[151/1001] Compiling C object libqemuutil.a.p/meson-generated_.._trace_trace-root.c.o
[152/1001] Compiling C object libqemuutil.a.p/meson-generated_.._qapi_qapi-events-common.c.o
[153/1001] Compiling C object libqemuutil.a.p/meson-generated_.._qapi_qapi-commands-char.c.o
[154/1001] Compiling C object libqemuutil.a.p/meson-generated_.._trace_trace-crypto.c.o
[155/1001] Compiling C object libqemuutil.a.p/meson-generated_.._qapi_qapi-visit-common.c.o
[156/1001] Compiling C object libqemuutil.a.p/meson-generated_.._qapi_qapi-types-control.c.o
[157/1001] Compiling C object libqemuutil.a.p/meson-generated_.._qapi_qapi-visit-control.c.o
[158/1001] Compiling C object libqemuutil.a.p/meson-generated_.._qapi_qapi-events-control.c.o
[159/1001] Compiling C object libqemuutil.a.p/meson-generated_.._trace_trace-qapi.c.o
[160/1001] Compiling C object libqemuutil.a.p/meson-generated_.._qapi_qapi-types-pragma.c.o
[161/1001] Compiling C object libqemuutil.a.p/meson-generated_.._qapi_qapi-visit-pragma.c.o
[162/1001] Compiling C object libqemuutil.a.p/meson-generated_.._qapi_qapi-builtin-types.c.o
[163/1001] Compiling C object libqemuutil.a.p/meson-generated_.._qapi_qapi-builtin-visit.c.o
[164/1001] Compiling C object libqemuutil.a.p/meson-generated_.._qapi_qapi-commands-control.c.o
[165/1001] Compiling C object libqemuutil.a.p/meson-generated_.._qapi_qapi-events-misc.c.o
[166/1001] Compiling C object libqemuutil.a.p/meson-generated_.._qapi_qapi-events-trace.c.o
[167/1001] Compiling C object libqemuutil.a.p/meson-generated_.._trace_trace-qom.c.o
[168/1001] Compiling C object libqemuutil.a.p/meson-generated_.._qapi_qapi-types-authz.c.o
[169/1001] Compiling C object libqemuutil.a.p/meson-generated_.._trace_trace-util.c.o
[170/1001] Compiling C object libqemuutil.a.p/meson-generated_.._trace_trace-target_arm.c.o
[171/1001] Compiling C object libqemuutil.a.p/meson-generated_.._trace_trace-accel_tcg.c.o
[172/1001] Compiling C object libqemuutil.a.p/meson-generated_.._trace_trace-linux_user.c.o
[173/1001] Compiling C object libqemuutil.a.p/meson-generated_.._qapi_qapi-commands-trace.c.o
[174/1001] Compiling C object libqemuutil.a.p/qapi_qobject-input-visitor.c.o
[175/1001] Compiling C object libqemuutil.a.p/meson-generated_.._trace_trace-hw_core.c.o
[176/1001] Compiling C object libqemuutil.a.p/meson-generated_.._qapi_qapi-types-transaction.c.o
[177/1001] Compiling C object libqemuutil.a.p/meson-generated_.._qapi_qapi-commands-misc.c.o
[178/1001] Compiling C object libqemuutil.a.p/meson-generated_.._qapi_qapi-types-dump.c.o
[179/1001] Compiling C object libqemuutil.a.p/meson-generated_.._qapi_qapi-visit-dump.c.o
[180/1001] Compiling C object libqemuutil.a.p/meson-generated_.._qapi_qapi-events-dump.c.o
[181/1001] Compiling C object libqemuutil.a.p/meson-generated_.._qapi_qapi-events-transaction.c.o
[182/1001] Compiling C object libqemuutil.a.p/meson-generated_.._qapi_qapi-events-net.c.o
[183/1001] Compiling C object libqemuutil.a.p/meson-generated_.._qapi_qapi-commands-dump.c.o
[184/1001] Compiling C object libqemuutil.a.p/meson-generated_.._qapi_qapi-visit-transaction.c.o
[185/1001] Compiling C object libqemuutil.a.p/meson-generated_.._trace_trace-target_hppa.c.o
[186/1001] Compiling C object libqemuutil.a.p/meson-generated_.._qapi_qapi-commands-transaction.c.o
[187/1001] Compiling C object libqemuutil.a.p/meson-generated_.._qapi_qapi-types-yank.c.o
[188/1001] Compiling C object libqemuutil.a.p/meson-generated_.._qapi_qapi-commands-net.c.o
[189/1001] Compiling C object libqemuutil.a.p/meson-generated_.._trace_trace-target_i386.c.o
[190/1001] Compiling C object libqemuutil.a.p/meson-generated_.._qapi_qapi-visit-net.c.o
[191/1001] Compiling C object libqemuutil.a.p/meson-generated_.._qapi_qapi-types-error.c.o
[192/1001] Compiling C object libqemuutil.a.p/meson-generated_.._qapi_qapi-visit-error.c.o
[193/1001] Compiling C object libqemuutil.a.p/meson-generated_.._qapi_qapi-visit-yank.c.o
[194/1001] Compiling C object libqemuutil.a.p/meson-generated_.._qapi_qapi-events-yank.c.o
[195/1001] Compiling C object libqemuutil.a.p/meson-generated_.._trace_trace-target_mips.c.o
[196/1001] Compiling C object libqemuutil.a.p/meson-generated_.._qapi_qapi-events-error.c.o
[197/1001] Compiling C object libqemuutil.a.p/meson-generated_.._trace_trace-target_ppc.c.o
[198/1001] Compiling C object libqemuutil.a.p/meson-generated_.._qapi_qapi-events-pragma.c.o
[199/1001] Compiling C object libqemuutil.a.p/meson-generated_.._qapi_qapi-commands-error.c.o
[200/1001] Compiling C object libqemuutil.a.p/meson-generated_.._trace_trace-target_riscv.c.o
[201/1001] Compiling C object libqemuutil.a.p/meson-generated_.._qapi_qapi-commands-pragma.c.o
[202/1001] Compiling C object libqemuutil.a.p/meson-generated_.._qapi_qapi-commands-yank.c.o
[203/1001] Compiling C object libqemuutil.a.p/meson-generated_.._trace_trace-target_sparc.c.o
[204/1001] Compiling C object libqemuutil.a.p/meson-generated_.._qapi_qapi-types-introspect.c.o
[205/1001] Compiling C object libqemuutil.a.p/meson-generated_.._qapi_qapi-types-qom.c.o
[206/1001] Compiling C object libqemuutil.a.p/meson-generated_.._trace_trace-target_s390x.c.o
[207/1001] Compiling C object libqemuutil.a.p/meson-generated_.._qapi_qapi-events-qom.c.o
[208/1001] Compiling C object libqemuutil.a.p/meson-generated_.._qapi_qapi-visit-qom.c.o
[209/1001] Compiling C object libqemuutil.a.p/meson-generated_.._qapi_qapi-events-introspect.c.o
[210/1001] Compiling C object libqemuutil.a.p/meson-generated_.._qapi_qapi-events-replay.c.o
[211/1001] Compiling C object libqemuutil.a.p/meson-generated_.._qapi_qapi-commands-introspect.c.o
[212/1001] Compiling C object libqemuutil.a.p/meson-generated_.._qapi_qapi-commands-qom.c.o
[213/1001] Compiling C object libqemuutil.a.p/meson-generated_.._qapi_qapi-types-replay.c.o
[214/1001] Compiling C object libqemuutil.a.p/meson-generated_.._qapi_qapi-visit-introspect.c.o
[215/1001] Compiling C object libqemuutil.a.p/meson-generated_.._qapi_qapi-visit-block-core.c.o
[216/1001] Compiling C object libqemuutil.a.p/meson-generated_.._qapi_qapi-visit-job.c.o
[217/1001] Compiling C object libqemuutil.a.p/meson-generated_.._qapi_qapi-commands-replay.c.o
[218/1001] Compiling C object libqemuutil.a.p/meson-generated_.._qapi_qapi-types-job.c.o
[219/1001] Compiling C object libqemuutil.a.p/meson-generated_.._qapi_qapi-visit-replay.c.o
[220/1001] Compiling C object libqemuutil.a.p/meson-generated_.._qapi_qapi-events-job.c.o
[221/1001] Compiling C object libqemuutil.a.p/meson-generated_.._qapi_qapi-types-run-state.c.o
[222/1001] Compiling C object libqemuutil.a.p/meson-generated_.._qapi_qapi-commands-job.c.o
[223/1001] Compiling C object libqemuutil.a.p/meson-generated_.._qapi_qapi-types-machine.c.o
[224/1001] Compiling C object libqemuutil.a.p/meson-generated_.._qapi_qapi-visit-run-state.c.o
[225/1001] Compiling C object libqemuutil.a.p/meson-generated_.._qapi_qapi-commands-run-state.c.o
[226/1001] Compiling C object libqemuutil.a.p/meson-generated_.._qapi_qapi-events-machine.c.o
[227/1001] Compiling C object libqemuutil.a.p/meson-generated_.._qapi_qapi-events-run-state.c.o
[228/1001] Compiling C object libqemuutil.a.p/meson-generated_.._qapi_qapi-types-sockets.c.o
[229/1001] Compiling C object libqemuutil.a.p/meson-generated_.._qapi_qapi-commands-machine.c.o
[230/1001] Compiling C object libqemuutil.a.p/meson-generated_.._qapi_qapi-types-migration.c.o
[231/1001] Compiling C object libqemuutil.a.p/meson-generated_.._qapi_qapi-events-sockets.c.o
[232/1001] Compiling C object libqemuutil.a.p/meson-generated_.._qapi_qapi-events-migration.c.o
[233/1001] Compiling C object libqemuutil.a.p/meson-generated_.._qapi_qapi-types-misc.c.o
[234/1001] Compiling C object libqemuutil.a.p/meson-generated_.._qapi_qapi-visit-sockets.c.o
[235/1001] Compiling C object libqemuutil.a.p/meson-generated_.._qapi_qapi-commands-sockets.c.o
[236/1001] Compiling C object libqemuutil.a.p/meson-generated_.._qapi_qapi-types-trace.c.o
[237/1001] Compiling C object libqemuutil.a.p/meson-generated_.._qapi_qapi-visit-machine.c.o
[238/1001] Compiling C object libqemuutil.a.p/meson-generated_.._qapi_qapi-visit-trace.c.o
[239/1001] Compiling C object libqemuutil.a.p/meson-generated_.._qapi_qapi-visit-migration.c.o
[240/1001] Compiling C object libqemuutil.a.p/trace_control.c.o
[241/1001] Compiling C object libqemuutil.a.p/qobject_qjson.c.o
[242/1001] Compiling C object libqemuutil.a.p/util_path.c.o
[243/1001] Compiling C object libqemuutil.a.p/meson-generated_.._qapi_qapi-commands-migration.c.o
[244/1001] Compiling C object libqemuutil.a.p/meson-generated_.._qapi_qapi-visit-misc.c.o
[245/1001] Compiling C object libqemuutil.a.p/util_qemu-config.c.o
[246/1001] Compiling C object libqemuutil.a.p/util_cacheinfo.c.o
[247/1001] Compiling C object libqemuutil.a.p/util_range.c.o
[248/1001] Compiling C object libqemuutil.a.p/util_drm.c.o
[249/1001] Compiling C object libqemuutil.a.p/crypto_aes.c.o
[250/1001] Compiling C object libqemuutil.a.p/util_envlist.c.o
[251/1001] Compiling C object libqemuutil.a.p/util_getauxval.c.o
[252/1001] Compiling C object libqemuutil.a.p/qapi_string-output-visitor.c.o
[253/1001] Compiling C object libqemuutil.a.p/util_error.c.o
[254/1001] Compiling C object libqemuutil.a.p/util_selfmap.c.o
[255/1001] Compiling C object libqemuutil.a.p/util_fdmon-poll.c.o
[256/1001] Compiling C object libqemuutil.a.p/qobject_json-writer.c.o
[257/1001] Compiling C object libqemuutil.a.p/crypto_random-platform.c.o
[258/1001] Compiling C object libqemuutil.a.p/util_keyval.c.o
[259/1001] Compiling C object libqemuutil.a.p/qobject_qobject.c.o
[260/1001] Compiling C object libqemuutil.a.p/util_guest-random.c.o
[261/1001] Compiling C object libqemuutil.a.p/qobject_qstring.c.o
[262/1001] Compiling C object libqemuutil.a.p/util_aio-posix.c.o
[263/1001] Compiling C object libqemuutil.a.p/util_compatfd.c.o
[264/1001] Compiling C object libqemuutil.a.p/qapi_qapi-visit-core.c.o
[265/1001] Compiling C object libqemuutil.a.p/util_pagesize.c.o
[266/1001] Compiling C object libqemuutil.a.p/util_host-utils.c.o
[267/1001] Compiling C object libqemuutil.a.p/qobject_qlit.c.o
[268/1001] Compiling C object libqemuutil.a.p/util_cutils.c.o
[269/1001] Compiling C object libqemuutil.a.p/util_log.c.o
[270/1001] Compiling C object libqemuutil.a.p/util_qemu-timer-common.c.o
[271/1001] Compiling C object libqemuutil.a.p/qobject_qbool.c.o
[272/1001] Compiling C object libqemuutil.a.p/util_fifo8.c.o
[273/1001] Compiling C object libqemuutil.a.p/qobject_qnull.c.o
[274/1001] Compiling C object libqemuutil.a.p/util_memfd.c.o
[275/1001] Compiling C object libqemuutil.a.p/qobject_json-parser.c.o
[276/1001] Compiling C object libqemuutil.a.p/qobject_json-lexer.c.o
[277/1001] Compiling C object libqemuutil.a.p/crypto_init.c.o
[278/1001] Compiling C object libqemuutil.a.p/util_notify.c.o
[279/1001] Compiling C object libqemuutil.a.p/util_uuid.c.o
[280/1001] Compiling C object libqemuutil.a.p/qobject_qnum.c.o
[281/1001] Compiling C object libqemuutil.a.p/qapi_string-input-visitor.c.o
[282/1001] Compiling C object libqemuutil.a.p/qobject_qlist.c.o
[283/1001] Compiling C object libqemuutil.a.p/qapi_qobject-output-visitor.c.o
[284/1001] Compiling C object libqemu-x86_64-linux-user.fa.p/accel_tcg_translate-all.c.o
[285/1001] Compiling C object libqemuutil.a.p/util_cacheflush.c.o
[286/1001] Compiling C object libqemuutil.a.p/util_systemd.c.o
[287/1001] Compiling C object libqemuutil.a.p/util_qemu-print.c.o
[288/1001] Compiling C object libqemuutil.a.p/util_qdist.c.o
[289/1001] Compiling C object libqemuutil.a.p/util_rcu.c.o
[290/1001] Compiling C object libqemuutil.a.p/util_module.c.o
[291/1001] Compiling C object libqemuutil.a.p/qapi_qapi-dealloc-visitor.c.o
[292/1001] Compiling C object libqemuutil.a.p/trace_qmp.c.o
[293/1001] Compiling C object libqemuutil.a.p/util_qemu-progress.c.o
[294/1001] Compiling C object libqemuutil.a.p/util_stats64.c.o
[295/1001] Compiling C object libqemuutil.a.p/util_qemu-thread-posix.c.o
[296/1001] Compiling C object libqemuutil.a.p/util_oslib-posix.c.o
[297/1001] Compiling C object libqemuutil.a.p/util_qemu-openpty.c.o
[298/1001] Compiling C object libqemuutil.a.p/util_mmap-alloc.c.o
[299/1001] Compiling C object libqemuutil.a.p/qapi_opts-visitor.c.o
[300/1001] Compiling C object libqemuutil.a.p/util_crc32c.c.o
[301/1001] Compiling C object libqemuutil.a.p/qobject_json-streamer.c.o
[302/1001] Compiling C object libqemuutil.a.p/util_qemu-error.c.o
[303/1001] Compiling C object libqemuutil.a.p/util_event_notifier-posix.c.o
[304/1001] Compiling C object libqemuutil.a.p/qapi_qapi-clone-visitor.c.o
[305/1001] Compiling C object libqemuutil.a.p/util_unicode.c.o
[306/1001] Compiling C object libqemuutil.a.p/stubs_ram-block.c.o
[307/1001] Compiling C object libqemuutil.a.p/util_qemu-option.c.o
[308/1001] Compiling C object libqemuutil.a.p/util_bitops.c.o
[309/1001] Compiling C object libqemuutil.a.p/qapi_qapi-util.c.o
[310/1001] Compiling C object libqemuutil.a.p/util_osdep.c.o
[311/1001] Compiling C object libqemuutil.a.p/util_qht.c.o
[312/1001] Compiling C object libqemuutil.a.p/util_bitmap.c.o
[313/1001] Compiling C object libqemuutil.a.p/stubs_qmp-command-available.c.o
[314/1001] Compiling C object libqemuutil.a.p/qobject_qdict.c.o
[315/1001] Compiling C object libqemuutil.a.p/util_fdmon-epoll.c.o
[316/1001] Compiling C object libqemuutil.a.p/stubs_blockdev-close-all-bdrv-states.c.o
[317/1001] Compiling C object libqemuutil.a.p/stubs_monitor-core.c.o
[318/1001] Compiling C object libqemuutil.a.p/stubs_gdbstub.c.o
[319/1001] Compiling C object libqemuutil.a.p/stubs_pci-host-piix.c.o
[320/1001] Compiling C object libqemuutil.a.p/stubs_pci-bus.c.o
[321/1001] Compiling C object libqemuutil.a.p/stubs_set-fd-handler.c.o
[322/1001] Compiling C object libqemuutil.a.p/stubs_qmp_memory_device.c.o
[323/1001] Compiling C object libqemuutil.a.p/stubs_target-monitor-defs.c.o
[324/1001] Compiling C object libqemuutil.a.p/stubs_win32-kbd-hook.c.o
[325/1001] Compiling C object libqemuutil.a.p/stubs_fw_cfg.c.o
[326/1001] Compiling C object libqemuutil.a.p/stubs_vm-stop.c.o
[327/1001] Compiling C object libqemuutil.a.p/stubs_is-daemonized.c.o
[328/1001] Compiling C object libqemuutil.a.p/stubs_blk-exp-close-all.c.o
[329/1001] Compiling C object libqemuutil.a.p/stubs_vmstate.c.o
[330/1001] Compiling C object libqemuutil.a.p/stubs_cmos.c.o
[331/1001] Compiling C object libqemuutil.a.p/stubs_blk-commit-all.c.o
[332/1001] Compiling C object libqemuutil.a.p/stubs_ramfb.c.o
[333/1001] Compiling C object libqemuutil.a.p/stubs_arch_type.c.o
[334/1001] Compiling C object libqemuutil.a.p/stubs_cpu-get-clock.c.o
[335/1001] Compiling C object libqemuutil.a.p/stubs_cpus-get-virtual-clock.c.o
[336/1001] Compiling C object libqemuutil.a.p/stubs_tpm.c.o
[337/1001] Compiling C object libqemuutil.a.p/stubs_change-state-handler.c.o
[338/1001] Compiling C object libqemuutil.a.p/stubs_icount.c.o
[339/1001] Compiling C object libqemuutil.a.p/stubs_qdev.c.o
[340/1001] Compiling C object libqemuutil.a.p/stubs_uuid.c.o
[341/1001] Compiling C object libqemuutil.a.p/stubs_monitor.c.o
[342/1001] Compiling C object libqemuutil.a.p/stubs_migr-blocker.c.o
[343/1001] Compiling C object libqemuutil.a.p/stubs_vmgenid.c.o
[344/1001] Compiling C object libqemuutil.a.p/stubs_iothread-lock.c.o
[345/1001] Compiling C object libqemuutil.a.p/stubs_trace-control.c.o
[346/1001] Compiling C object libqemuutil.a.p/stubs_runstate-check.c.o
[347/1001] Compiling C object libqemuutil.a.p/stubs_sysbus.c.o
[348/1001] Compiling C object libqemuutil.a.p/stubs_error-printf.c.o
[349/1001] Compiling C object libqemuutil.a.p/stubs_isa-bus.c.o
[350/1001] Compiling C object libqemuutil.a.p/stubs_qemu-timer-notify-cb.c.o
[351/1001] Compiling C object libqemuutil.a.p/stubs_dump.c.o
[352/1001] Compiling C object libqemuutil.a.p/stubs_get-vm-name.c.o
[353/1001] Compiling C object libqemuutil.a.p/stubs_replay.c.o
[354/1001] Compiling C object libqemuutil.a.p/stubs_fdset.c.o
[355/1001] Compiling C object libqemuutil.a.p/stubs_qtest.c.o
[356/1001] Compiling C object libqemuutil.a.p/stubs_bdrv-next-monitor-owned.c.o
[357/1001] Compiling C object libqemuutil.a.p/stubs_target-get-monitor-def.c.o
[358/1001] Compiling C object libqemuutil.a.p/stubs_iothread.c.o
[359/1001] Compiling C object libqemuutil.a.p/stubs_cpu-synchronize-state.c.o
[360/1001] Compiling C object libqom.fa.p/qom_container.c.o
[361/1001] Compiling C object libqom.fa.p/qom_qom-qobject.c.o
[362/1001] Linking static target libqemuutil.a
[363/1001] Compiling C object libhwcore.fa.p/hw_core_hotplug.c.o
[364/1001] Compiling C object libqom.fa.p/qom_object_interfaces.c.o
[365/1001] Compiling C object libqom.fa.p/hw_nvram_fw_cfg-interface.c.o
[366/1001] Compiling C object libhwcore.fa.p/hw_core_bus.c.o
[367/1001] Compiling C object libhwcore.fa.p/hw_core_qdev-properties.c.o
[368/1001] Compiling C object libhwcore.fa.p/hw_core_irq.c.o
[369/1001] Compiling C object libhwcore.fa.p/hw_core_reset.c.o
[370/1001] Generating block.syms with a meson_exe.py custom command
[371/1001] Compiling C object libqom.fa.p/qom_object.c.o
[372/1001] Linking static target libqom.fa
[373/1001] Generating qemu.syms with a meson_exe.py custom command
[374/1001] Compiling C object libqemu-x86_64-linux-user.fa.p/tcg_tcg-op-gvec.c.o
[375/1001] Compiling C object libhwcore.fa.p/hw_core_vmstate-if.c.o
[376/1001] Compiling C object libhwcore.fa.p/hw_core_resettable.c.o
[377/1001] Compiling C object libhwcore.fa.p/hw_core_clock.c.o
[378/1001] Compiling C object libcommon.fa.p/hw_core_cpu.c.o
[379/1001] Compiling C object libcommon.fa.p/accel_accel-user.c.o
[380/1001] Compiling C object libhwcore.fa.p/hw_core_qdev-clock.c.o
[381/1001] Compiling C object libhwcore.fa.p/hw_core_qdev.c.o
[382/1001] Linking static target libhwcore.fa
[383/1001] Compiling C object libcommon.fa.p/cpus-common.c.o
[384/1001] Compiling C object libqemu-x86_64-linux-user.fa.p/meson-generated_.._x86_64-linux-user-gdbstub-xml.c.o
[385/1001] Compiling C object libcommon.fa.p/disas_capstone.c.o
[386/1001] Compiling C object libqemu-x86_64-linux-user.fa.p/meson-generated_.._trace_generated-helpers.c.o
[387/1001] Compiling C object libqemu-x86_64-linux-user.fa.p/linux-user_x86_64_cpu_loop.c.o
[388/1001] Compiling C object libqemu-x86_64-linux-user.fa.p/target_i386_tcg_smm_helper.c.o
[389/1001] Compiling C object libqemu-x86_64-linux-user.fa.p/linux-user_x86_64_signal.c.o
[390/1001] Compiling C object libqemu-x86_64-linux-user.fa.p/target_i386_tcg_mem_helper.c.o
[391/1001] Compiling C object libqemu-x86_64-linux-user.fa.p/target_i386_tcg_svm_helper.c.o
[392/1001] Compiling C object libqemu-x86_64-linux-user.fa.p/target_i386_tcg_mpx_helper.c.o
[393/1001] Compiling C object libqemu-x86_64-linux-user.fa.p/target_i386_tcg_tcg-cpu.c.o
[394/1001] Compiling C object libqemu-x86_64-linux-user.fa.p/target_i386_tcg_excp_helper.c.o
[395/1001] Compiling C object libqemu-x86_64-linux-user.fa.p/target_i386_tcg_bpt_helper.c.o
[396/1001] Compiling C object libqemu-x86_64-linux-user.fa.p/target_i386_helper.c.o
[397/1001] Compiling C object libqemu-x86_64-linux-user.fa.p/target_i386_tcg_int_helper.c.o
[398/1001] Compiling C object libqemu-x86_64-linux-user.fa.p/target_i386_cpu-dump.c.o
[399/1001] Compiling C object libcommon.fa.p/disas_i386.c.o
[400/1001] Compiling C object libqemu-x86_64-linux-user.fa.p/target_i386_xsave_helper.c.o
[401/1001] Compiling C object libqemu-x86_64-linux-user.fa.p/target_i386_kvm_kvm-stub.c.o
[402/1001] Compiling C object libqemu-x86_64-linux-user.fa.p/target_i386_gdbstub.c.o
[403/1001] Compiling C object libqemu-x86_64-linux-user.fa.p/accel_tcg_cpu-exec-common.c.o
[404/1001] Compiling C object libqemu-x86_64-linux-user.fa.p/target_i386_tcg_cc_helper.c.o
[405/1001] Compiling C object libqemu-x86_64-linux-user.fa.p/target_i386_cpu.c.o
[406/1001] Compiling C object libqemu-x86_64-linux-user.fa.p/target_i386_tcg_misc_helper.c.o
[407/1001] Compiling C object libqemu-x86_64-linux-user.fa.p/target_i386_sev-stub.c.o
[408/1001] Compiling C object libqemu-x86_64-linux-user.fa.p/target_i386_tcg_seg_helper.c.o
[409/1001] Compiling C object libqemu-x86_64-linux-user.fa.p/accel_tcg_tcg-all.c.o
[410/1001] Compiling C object libqemu-x86_64-linux-user.fa.p/linux-user_safe-syscall.S.o
[411/1001] Compiling C object libqemu-x86_64-linux-user.fa.p/thunk.c.o
[412/1001] Compiling C object libqemu-x86_64-linux-user.fa.p/cpu.c.o
[413/1001] Compiling C object libqemu-x86_64-linux-user.fa.p/tcg_tcg-common.c.o
[414/1001] Compiling C object libqemu-x86_64-linux-user.fa.p/linux-user_uaccess.c.o
[415/1001] Compiling C object libqemu-x86_64-linux-user.fa.p/accel_tcg_translator.c.o
[416/1001] Compiling C object libqemu-x86_64-linux-user.fa.p/exec-vary.c.o
[417/1001] Compiling C object libqemu-x86_64-linux-user.fa.p/accel_tcg_cpu-exec.c.o
[418/1001] Compiling C object libqemu-x86_64-linux-user.fa.p/target_i386_tcg_fpu_helper.c.o
[419/1001] Compiling C object libqemu-x86_64-linux-user.fa.p/trace_control-target.c.o
[420/1001] Compiling C object libqemu-x86_64-linux-user.fa.p/tcg_tcg-op-vec.c.o
[421/1001] Compiling C object libqemu-x86_64-linux-user.fa.p/linux-user_elfload.c.o
[422/1001] Compiling C object libqemu-x86_64-linux-user.fa.p/accel_tcg_tcg-runtime-gvec.c.o
[423/1001] Compiling C object libqemu-x86_64-linux-user.fa.p/accel_tcg_plugin-gen.c.o
[424/1001] Compiling C object libqemu-x86_64-linux-user.fa.p/tcg_tcg-op.c.o
[425/1001] Compiling C object libqemu-x86_64-linux-user.fa.p/accel_accel-common.c.o
[426/1001] Compiling C object libqemu-x86_64-linux-user.fa.p/linux-user_main.c.o
[427/1001] Compiling C object libqemu-x86_64-linux-user.fa.p/linux-user_fd-trans.c.o
[428/1001] Compiling C object libqemu-x86_64-linux-user.fa.p/accel_tcg_user-exec-stub.c.o
[429/1001] Compiling C object libqemu-x86_64-linux-user.fa.p/accel_stubs_xen-stub.c.o
[430/1001] Compiling C object libqemu-x86_64-linux-user.fa.p/linux-user_mmap.c.o
[431/1001] Compiling C object libqemu-x86_64-linux-user.fa.p/linux-user_linuxload.c.o
[432/1001] Compiling C object libqemu-x86_64-linux-user.fa.p/gdbstub.c.o
[433/1001] Compiling C object libqemu-x86_64-linux-user.fa.p/linux-user_uname.c.o
[434/1001] Compiling C object libqemu-x86_64-linux-user.fa.p/accel_stubs_kvm-stub.c.o
[435/1001] Compiling C object libqemu-x86_64-linux-user.fa.p/linux-user_exit.c.o
[436/1001] Compiling C object libqemu-x86_64-linux-user.fa.p/plugins_api.c.o
[437/1001] Compiling C object libqemu-x86_64-linux-user.fa.p/linux-user_signal.c.o
[438/1001] Compiling C object libqemu-x86_64-linux-user.fa.p/accel_tcg_user-exec.c.o
[439/1001] Compiling C object libqemu-x86_64-linux-user.fa.p/accel_stubs_hax-stub.c.o
[440/1001] Compiling C object libqemu-x86_64-linux-user.fa.p/disas.c.o
[441/1001] Compiling C object libqemu-x86_64-linux-user.fa.p/accel_tcg_tcg-runtime.c.o
[442/1001] Compiling C object libqemu-x86_64-linux-user.fa.p/tcg_optimize.c.o
[443/1001] Compiling C object libqemu-x86_64-linux-user.fa.p/plugins_loader.c.o
[444/1001] Generating QAPI test (include) with a custom command
[445/1001] Compiling C object tests/qht-bench.p/qht-bench.c.o
[446/1001] Compiling C object libqemu-x86_64-linux-user.fa.p/fpu_softfloat.c.o
[447/1001] Compiling C object libqemu-x86_64-linux-user.fa.p/linux-user_strace.c.o
[448/1001] Linking target tests/qht-bench
[449/1001] Compiling C object libqemu-x86_64-linux-user.fa.p/plugins_core.c.o
[450/1001] Compiling C object tests/libtestqapi.a.p/meson-generated_.._test-qapi-introspect.c.o
[451/1001] Compiling C object tests/libtestqapi.a.p/meson-generated_.._test-qapi-emit-events.c.o
[452/1001] Compiling C object tests/libtestqapi.a.p/meson-generated_.._test-qapi-commands-sub-sub-module.c.o
[453/1001] Compiling C object tests/libtestqapi.a.p/meson-generated_.._test-qapi-visit-sub-sub-module.c.o
[454/1001] Compiling C object tests/libtestqapi.a.p/meson-generated_.._qapi-builtin-visit.c.o
[455/1001] Compiling C object tests/libtestqapi.a.p/meson-generated_.._qapi-builtin-types.c.o
[456/1001] Compiling C object tests/libtestqapi.a.p/meson-generated_.._test-qapi-commands.c.o
[457/1001] Compiling C object tests/libtestqapi.a.p/meson-generated_.._test-qapi-events-sub-sub-module.c.o
[458/1001] Compiling C object tests/libtestqapi.a.p/meson-generated_.._test-qapi-events.c.o
[459/1001] Compiling C object tests/check-qdict.p/check-qdict.c.o
[460/1001] Compiling C object tests/libtestqapi.a.p/meson-generated_.._test-qapi-types-sub-sub-module.c.o
[461/1001] Compiling C object libqemu-x86_64-linux-user.fa.p/target_i386_tcg_translate.c.o
[462/1001] Compiling C object tests/libtestqapi.a.p/meson-generated_.._test-qapi-init-commands.c.o
[463/1001] Compiling C object tests/libtestqapi.a.p/meson-generated_.._include_test-qapi-commands-sub-module.c.o
[464/1001] Compiling C object tests/libtestqapi.a.p/meson-generated_.._include_test-qapi-events-sub-module.c.o
[465/1001] Compiling C object tests/libtestqapi.a.p/meson-generated_.._test-qapi-types.c.o
[466/1001] Compiling C object tests/libtestqapi.a.p/meson-generated_.._include_test-qapi-visit-sub-module.c.o
[467/1001] Compiling C object tests/libtestqapi.a.p/meson-generated_.._include_test-qapi-types-sub-module.c.o
[468/1001] Linking target tests/check-qdict
[469/1001] Compiling C object tests/check-block-qdict.p/check-block-qdict.c.o
[470/1001] Linking target tests/check-block-qdict
[471/1001] Compiling C object tests/check-qstring.p/check-qstring.c.o
[472/1001] Compiling C object tests/check-qlist.p/check-qlist.c.o
[473/1001] Linking target tests/check-qstring
[474/1001] Linking target tests/check-qlist
[475/1001] Compiling C object tests/check-qnull.p/check-qnull.c.o
[476/1001] Compiling C object tests/check-qnum.p/check-qnum.c.o
[477/1001] Compiling C object tests/check-qobject.p/check-qobject.c.o
[478/1001] Linking target tests/check-qnull
[479/1001] Linking target tests/check-qobject
[480/1001] Linking target tests/check-qnum
[481/1001] Compiling C object tests/check-qlit.p/check-qlit.c.o
[482/1001] Compiling C object libqemu-x86_64-linux-user.fa.p/tcg_tcg.c.o
[483/1001] Linking target tests/check-qlit
[484/1001] Compiling C object tests/test-bitmap.p/test-bitmap.c.o
[485/1001] Compiling C object tests/libtestqapi.a.p/meson-generated_.._test-qapi-visit.c.o
[486/1001] Linking target tests/test-bitmap
[487/1001] Linking static target tests/libtestqapi.a
[488/1001] Compiling C object tests/test-opts-visitor.p/test-opts-visitor.c.o
[489/1001] Compiling C object tests/test-clone-visitor.p/test-clone-visitor.c.o
[490/1001] Linking target tests/test-opts-visitor
[491/1001] Compiling C object tests/test-qobject-output-visitor.p/test-qobject-output-visitor.c.o
[492/1001] Compiling C object tests/check-qjson.p/check-qjson.c.o
[493/1001] Linking target tests/test-qobject-output-visitor
[494/1001] Linking target tests/check-qjson
[495/1001] Compiling C object tests/test-qobject-input-visitor.p/test-qobject-input-visitor.c.o
[496/1001] Compiling C object tests/test-string-input-visitor.p/test-string-input-visitor.c.o
[497/1001] Linking target tests/test-clone-visitor
[498/1001] Linking target tests/test-qobject-input-visitor
[499/1001] Compiling C object tests/test-string-output-visitor.p/test-string-output-visitor.c.o
[500/1001] Linking target tests/test-string-input-visitor
[501/1001] Compiling C object tests/test-x86-cpuid.p/test-x86-cpuid.c.o
[502/1001] Compiling C object tests/test-shift128.p/test-shift128.c.o
[503/1001] Compiling C object tests/test-qgraph.p/qtest_libqos_qgraph.c.o
[504/1001] Linking target tests/test-shift128
[505/1001] Compiling C object tests/test-visitor-serialization.p/test-visitor-serialization.c.o
[506/1001] Linking target tests/test-string-output-visitor
[507/1001] Linking target tests/test-x86-cpuid
[508/1001] Compiling C object tests/test-mul64.p/test-mul64.c.o
[509/1001] Linking target tests/test-visitor-serialization
[510/1001] Linking target tests/test-mul64
[511/1001] Compiling C object tests/test-rcu-list.p/test-rcu-list.c.o
[512/1001] Compiling C object tests/test-rcu-tailq.p/test-rcu-tailq.c.o
[513/1001] Compiling C object tests/test-int128.p/test-int128.c.o
[514/1001] Compiling C object tests/rcutorture.p/rcutorture.c.o
[515/1001] Compiling C object tests/test-rcu-simpleq.p/test-rcu-simpleq.c.o
[516/1001] Linking target tests/test-rcu-list
[517/1001] Linking target tests/test-int128
[518/1001] Compiling C object tests/test-rcu-slist.p/test-rcu-slist.c.o
[519/1001] Linking target tests/test-rcu-tailq
[520/1001] Linking target tests/test-rcu-simpleq
[521/1001] Linking target tests/rcutorture
[522/1001] Linking target tests/test-rcu-slist
[523/1001] Compiling C object libqemu-x86_64-linux-user.fa.p/linux-user_syscall.c.o
[524/1001] Compiling C object tests/test-bitcnt.p/test-bitcnt.c.o
[525/1001] Compiling C object tests/test-bitops.p/test-bitops.c.o
[526/1001] Compiling C object tests/test-qht.p/test-qht.c.o
[527/1001] Compiling C object tests/test-qdist.p/test-qdist.c.o
[528/1001] Compiling C object tests/test-qgraph.p/test-qgraph.c.o
[529/1001] Linking target tests/test-bitops
[530/1001] Linking target tests/test-bitcnt
[531/1001] Compiling C object tests/check-qom-interface.p/check-qom-interface.c.o
[532/1001] Linking target tests/test-qgraph
[533/1001] Linking target tests/test-qht
[534/1001] Linking target tests/test-qdist
[535/1001] Linking target tests/check-qom-interface
[536/1001] Linking target qemu-x86_64
[537/1001] Compiling C object tests/test-cutils.p/test-cutils.c.o
[538/1001] Compiling C object tests/check-qom-proplist.p/check-qom-proplist.c.o
[539/1001] Linking target tests/test-cutils
[540/1001] Compiling C object tests/ptimer-test.p/_home_kai_project_afl_plus_AFLplusplus_qemu_mode_qemuafl_hw_core_ptimer.c.o
[541/1001] Compiling C object tests/test-uuid.p/test-uuid.c.o
[542/1001] Linking target tests/check-qom-proplist
[543/1001] Compiling C object tests/test-logging.p/test-logging.c.o
[544/1001] Linking target tests/test-uuid
[545/1001] Compiling C object tests/fp/libtestfloat.a.p/berkeley-testfloat-3_source_genCases_f128.c.o
[546/1001] Compiling C object tests/fp/libtestfloat.a.p/berkeley-testfloat-3_source_genCases_writeTestsTotal.c.o
[547/1001] Compiling C object tests/fp/libtestfloat.a.p/berkeley-testfloat-3_source_verCases_inline.c.o
[548/1001] Linking target tests/test-logging
[549/1001] Compiling C object tests/ptimer-test.p/ptimer-test-stubs.c.o
[550/1001] Compiling C object tests/fp/libtestfloat.a.p/berkeley-testfloat-3_source_verCases_writeFunctionName.c.o
[551/1001] Compiling C object tests/fp/libtestfloat.a.p/berkeley-testfloat-3_source_verCases_common.c.o
[552/1001] Compiling C object tests/fp/libtestfloat.a.p/berkeley-testfloat-3_source_writeCase_a_ui32.c.o
[553/1001] Compiling C object tests/fp/libtestfloat.a.p/berkeley-testfloat-3_source_readHex.c.o
[554/1001] Compiling C object tests/fp/libtestfloat.a.p/berkeley-testfloat-3_source_writeCase_a_ui64.c.o
[555/1001] Compiling C object tests/fp/libtestfloat.a.p/berkeley-testfloat-3_source_writeCase_a_f16.c.o
[556/1001] Compiling C object tests/test-qapi-util.p/test-qapi-util.c.o
[557/1001] Compiling C object tests/fp/libtestfloat.a.p/berkeley-testfloat-3_source_writeCase_abc_f16.c.o
[558/1001] Compiling C object tests/fp/libtestfloat.a.p/berkeley-testfloat-3_source_writeHex.c.o
[559/1001] Compiling C object tests/fp/libtestfloat.a.p/berkeley-testfloat-3_source_writeCase_ab_f16.c.o
[560/1001] Compiling C object tests/fp/libtestfloat.a.p/berkeley-testfloat-3_source_writeCase_a_f32.c.o
[561/1001] Compiling C object tests/ptimer-test.p/ptimer-test.c.o
[562/1001] Compiling C object tests/fp/libtestfloat.a.p/berkeley-testfloat-3_source_writeCase_ab_f32.c.o
[563/1001] Compiling C object tests/fp/libtestfloat.a.p/berkeley-testfloat-3_source_writeCase_abc_f32.c.o
[564/1001] Linking target tests/test-qapi-util
[565/1001] Compiling C object tests/fp/libtestfloat.a.p/berkeley-testfloat-3_source_writeCase_a_f64.c.o
[566/1001] Compiling C object tests/fp/libtestfloat.a.p/berkeley-testfloat-3_source_writeCase_abc_f64.c.o
[567/1001] Compiling C object tests/fp/libtestfloat.a.p/berkeley-testfloat-3_source_writeCase_a_f128M.c.o
[568/1001] Compiling C object tests/fp/libtestfloat.a.p/berkeley-testfloat-3_source_writeCase_a_extF80M.c.o
[569/1001] Compiling C object tests/fp/libtestfloat.a.p/berkeley-testfloat-3_source_writeCase_ab_f64.c.o
[570/1001] Linking target tests/ptimer-test
[571/1001] Compiling C object tests/fp/libtestfloat.a.p/berkeley-testfloat-3_source_writeCase_ab_extF80M.c.o
[572/1001] Compiling C object tests/fp/libtestfloat.a.p/berkeley-testfloat-3_source_writeCase_ab_f128M.c.o
[573/1001] Compiling C object tests/fp/libtestfloat.a.p/berkeley-testfloat-3_source_writeCase_abc_f128M.c.o
[574/1001] Compiling C object tests/fp/libtestfloat.a.p/berkeley-testfloat-3_source_writeCase_z_ui32.c.o
[575/1001] Compiling C object tests/fp/libtestfloat.a.p/berkeley-testfloat-3_source_writeCase_z_bool.c.o
[576/1001] Compiling C object tests/test-keyval.p/test-keyval.c.o
[577/1001] Compiling C object tests/fp/libtestfloat.a.p/berkeley-testfloat-3_source_writeCase_z_f32.c.o
[578/1001] Compiling C object tests/fp/libtestfloat.a.p/berkeley-testfloat-3_source_writeCase_z_ui64.c.o
[579/1001] Compiling C object tests/test-qemu-opts.p/test-qemu-opts.c.o
[580/1001] Compiling C object tests/fp/libtestfloat.a.p/berkeley-testfloat-3_source_writeCase_z_f64.c.o
[581/1001] Compiling C object tests/fp/libtestfloat.a.p/berkeley-testfloat-3_source_writeCase_z_f16.c.o
[582/1001] Compiling C object tests/fp/libtestfloat.a.p/berkeley-testfloat-3_source_writeCase_z_f128M.c.o
[583/1001] Compiling C object tests/fp/libtestfloat.a.p/berkeley-testfloat-3_source_testLoops_common.c.o
[584/1001] Compiling C object tests/fp/libtestfloat.a.p/berkeley-testfloat-3_source_writeCase_z_extF80M.c.o
[585/1001] Compiling C object tests/fp/libtestfloat.a.p/berkeley-testfloat-3_source_test_a_ui32_z_f16.c.o
[586/1001] Compiling C object tests/fp/libtestfloat.a.p/berkeley-testfloat-3_source_test_a_ui64_z_f16.c.o
[587/1001] Linking target tests/test-qemu-opts
[588/1001] Compiling C object tests/fp/libtestfloat.a.p/berkeley-testfloat-3_source_test_a_ui32_z_f32.c.o
[589/1001] Compiling C object tests/fp/libtestfloat.a.p/berkeley-testfloat-3_source_test_a_ui32_z_f64.c.o
[590/1001] Compiling C object tests/fp/libtestfloat.a.p/berkeley-testfloat-3_source_test_a_ui32_z_extF80.c.o
[591/1001] Linking target tests/test-keyval
[592/1001] Compiling C object tests/fp/libtestfloat.a.p/berkeley-testfloat-3_source_test_a_ui64_z_f64.c.o
[593/1001] Compiling C object tests/fp/libtestfloat.a.p/berkeley-testfloat-3_source_test_a_ui64_z_f128.c.o
[594/1001] Compiling C object tests/fp/libtestfloat.a.p/berkeley-testfloat-3_source_test_a_i32_z_f64.c.o
[595/1001] Compiling C object tests/fp/libtestfloat.a.p/berkeley-testfloat-3_source_test_a_ui32_z_f128.c.o
[596/1001] Compiling C object tests/fp/libtestfloat.a.p/berkeley-testfloat-3_source_test_a_ui64_z_f32.c.o
[597/1001] Compiling C object tests/fp/libtestfloat.a.p/berkeley-testfloat-3_source_test_a_i32_z_f16.c.o
[598/1001] Compiling C object tests/fp/libtestfloat.a.p/berkeley-testfloat-3_source_test_a_ui64_z_extF80.c.o
[599/1001] Compiling C object tests/fp/libtestfloat.a.p/berkeley-testfloat-3_source_test_a_i32_z_f32.c.o
[600/1001] Compiling C object tests/fp/libtestfloat.a.p/berkeley-testfloat-3_source_test_a_i32_z_extF80.c.o
[601/1001] Compiling C object tests/fp/libtestfloat.a.p/berkeley-testfloat-3_source_test_a_i64_z_f16.c.o
[602/1001] Compiling C object tests/fp/libtestfloat.a.p/berkeley-testfloat-3_source_test_a_i32_z_f128.c.o
[603/1001] Compiling C object tests/fp/libtestfloat.a.p/berkeley-testfloat-3_source_test_a_i64_z_f32.c.o
[604/1001] Compiling C object tests/fp/libtestfloat.a.p/berkeley-testfloat-3_source_test_a_i64_z_f64.c.o
[605/1001] Compiling C object tests/fp/libtestfloat.a.p/berkeley-testfloat-3_source_test_a_i64_z_extF80.c.o
[606/1001] Compiling C object tests/fp/libtestfloat.a.p/berkeley-testfloat-3_source_test_a_f16_z_ui32_rx.c.o
[607/1001] Compiling C object tests/fp/libtestfloat.a.p/berkeley-testfloat-3_source_test_a_f16_z_ui64_rx.c.o
[608/1001] Compiling C object tests/fp/libtestfloat.a.p/berkeley-testfloat-3_source_test_a_i64_z_f128.c.o
[609/1001] Compiling C object tests/fp/libtestfloat.a.p/berkeley-testfloat-3_source_test_a_f16_z_i64_rx.c.o
[610/1001] Compiling C object tests/fp/libtestfloat.a.p/berkeley-testfloat-3_source_test_a_f16_z_i32_rx.c.o
[611/1001] Compiling C object tests/fp/libtestfloat.a.p/berkeley-testfloat-3_source_test_a_f16_z_i32_x.c.o
[612/1001] Compiling C object tests/fp/libtestfloat.a.p/berkeley-testfloat-3_source_test_a_f16_z_ui32_x.c.o
[613/1001] Compiling C object tests/fp/libtestfloat.a.p/berkeley-testfloat-3_source_test_a_f16_z_i64_x.c.o
[614/1001] Compiling C object tests/fp/libtestfloat.a.p/berkeley-testfloat-3_source_test_a_f16_z_ui64_x.c.o
[615/1001] Compiling C object tests/fp/libtestfloat.a.p/berkeley-testfloat-3_source_test_a_f16_z_f32.c.o
[616/1001] Compiling C object tests/fp/libtestfloat.a.p/berkeley-testfloat-3_source_test_a_f16_z_f64.c.o
[617/1001] Compiling C object tests/fp/libtestfloat.a.p/berkeley-testfloat-3_source_test_a_f16_z_extF80.c.o
[618/1001] Compiling C object tests/fp/libtestfloat.a.p/berkeley-testfloat-3_source_test_a_f16_z_f128.c.o
[619/1001] Compiling C object tests/fp/libtestfloat.a.p/berkeley-testfloat-3_source_test_az_f16.c.o
[620/1001] Compiling C object tests/fp/libtestfloat.a.p/berkeley-testfloat-3_source_test_az_f16_rx.c.o
[621/1001] Compiling C object tests/fp/libtestfloat.a.p/berkeley-testfloat-3_source_test_abz_f16.c.o
[622/1001] Compiling C object tests/fp/libtestfloat.a.p/berkeley-testfloat-3_source_test_abcz_f16.c.o
[623/1001] Compiling C object tests/fp/libtestfloat.a.p/berkeley-testfloat-3_source_test_a_f32_z_ui32_rx.c.o
[624/1001] Compiling C object tests/fp/libtestfloat.a.p/berkeley-testfloat-3_source_test_ab_f16_z_bool.c.o
[625/1001] Compiling C object tests/fp/libtestfloat.a.p/berkeley-testfloat-3_source_test_a_f32_z_ui64_rx.c.o
[626/1001] Compiling C object tests/fp/libtestfloat.a.p/berkeley-testfloat-3_source_test_a_f32_z_i32_rx.c.o
[627/1001] Compiling C object tests/fp/libtestfloat.a.p/berkeley-testfloat-3_source_test_a_f32_z_f16.c.o
[628/1001] Compiling C object tests/fp/libtestfloat.a.p/berkeley-testfloat-3_source_test_a_f32_z_ui32_x.c.o
[629/1001] Compiling C object tests/fp/libtestfloat.a.p/berkeley-testfloat-3_source_test_a_f32_z_i32_x.c.o
[630/1001] Compiling C object tests/fp/libtestfloat.a.p/berkeley-testfloat-3_source_test_a_f32_z_i64_rx.c.o
[631/1001] Compiling C object tests/fp/libtestfloat.a.p/berkeley-testfloat-3_source_test_a_f32_z_i64_x.c.o
[632/1001] Compiling C object tests/fp/libtestfloat.a.p/berkeley-testfloat-3_source_test_a_f32_z_f64.c.o
[633/1001] Compiling C object tests/fp/libtestfloat.a.p/berkeley-testfloat-3_source_test_a_f32_z_ui64_x.c.o
[634/1001] Compiling C object tests/fp/libtestfloat.a.p/berkeley-testfloat-3_source_test_a_f32_z_extF80.c.o
[635/1001] Compiling C object tests/fp/libtestfloat.a.p/berkeley-testfloat-3_source_test_abz_f32.c.o
[636/1001] Compiling C object tests/fp/libtestfloat.a.p/berkeley-testfloat-3_source_test_az_f32.c.o
[637/1001] Compiling C object tests/fp/libtestfloat.a.p/berkeley-testfloat-3_source_test_a_f32_z_f128.c.o
[638/1001] Compiling C object tests/fp/libtestfloat.a.p/berkeley-testfloat-3_source_test_az_f32_rx.c.o
[639/1001] Compiling C object tests/fp/libtestfloat.a.p/berkeley-testfloat-3_source_test_a_f64_z_ui32_rx.c.o
[640/1001] Compiling C object tests/fp/libtestfloat.a.p/berkeley-testfloat-3_source_test_a_f64_z_ui64_rx.c.o
[641/1001] Compiling C object tests/fp/libtestfloat.a.p/berkeley-testfloat-3_source_test_abcz_f32.c.o
[642/1001] Compiling C object tests/fp/libtestfloat.a.p/berkeley-testfloat-3_source_test_a_f64_z_i32_rx.c.o
[643/1001] Compiling C object tests/fp/libtestfloat.a.p/berkeley-testfloat-3_source_test_a_f64_z_i64_rx.c.o
[644/1001] Compiling C object tests/fp/libtestfloat.a.p/berkeley-testfloat-3_source_test_a_f64_z_ui32_x.c.o
[645/1001] Compiling C object tests/fp/libtestfloat.a.p/berkeley-testfloat-3_source_test_ab_f32_z_bool.c.o
[646/1001] Compiling C object tests/fp/libtestfloat.a.p/berkeley-testfloat-3_source_test_a_f64_z_i32_x.c.o
[647/1001] Compiling C object tests/fp/libtestfloat.a.p/berkeley-testfloat-3_source_test_a_f64_z_ui64_x.c.o
[648/1001] Compiling C object tests/fp/libtestfloat.a.p/berkeley-testfloat-3_source_test_a_f64_z_f16.c.o
[649/1001] Compiling C object tests/fp/libtestfloat.a.p/berkeley-testfloat-3_source_test_az_f64.c.o
[650/1001] Compiling C object tests/fp/libtestfloat.a.p/berkeley-testfloat-3_source_test_az_f64_rx.c.o
[651/1001] Compiling C object tests/fp/libtestfloat.a.p/berkeley-testfloat-3_source_test_a_f64_z_f32.c.o
[652/1001] Compiling C object tests/fp/libtestfloat.a.p/berkeley-testfloat-3_source_test_abz_f64.c.o
[653/1001] Compiling C object tests/fp/libtestfloat.a.p/berkeley-testfloat-3_source_test_a_f64_z_extF80.c.o
[654/1001] Compiling C object tests/fp/libtestfloat.a.p/berkeley-testfloat-3_source_test_a_f64_z_i64_x.c.o
[655/1001] Compiling C object tests/fp/libtestfloat.a.p/berkeley-testfloat-3_source_test_a_f64_z_f128.c.o
[656/1001] Compiling C object tests/fp/libtestfloat.a.p/berkeley-testfloat-3_source_test_ab_f64_z_bool.c.o
[657/1001] Compiling C object tests/fp/libtestfloat.a.p/berkeley-testfloat-3_source_test_abcz_f64.c.o
[658/1001] Compiling C object tests/fp/libtestfloat.a.p/berkeley-testfloat-3_source_test_a_extF80_z_ui32_rx.c.o
[659/1001] Compiling C object tests/fp/libtestfloat.a.p/berkeley-testfloat-3_source_test_a_extF80_z_ui64_rx.c.o
[660/1001] Compiling C object tests/fp/libtestfloat.a.p/berkeley-testfloat-3_source_test_a_extF80_z_i64_rx.c.o
[661/1001] Compiling C object tests/fp/libtestfloat.a.p/berkeley-testfloat-3_source_test_a_extF80_z_ui64_x.c.o
[662/1001] Compiling C object tests/fp/libtestfloat.a.p/berkeley-testfloat-3_source_test_a_extF80_z_i64_x.c.o
[663/1001] Compiling C object tests/fp/libtestfloat.a.p/berkeley-testfloat-3_source_test_a_extF80_z_i32_x.c.o
[664/1001] Compiling C object tests/fp/libtestfloat.a.p/berkeley-testfloat-3_source_test_a_extF80_z_i32_rx.c.o
[665/1001] Compiling C object tests/fp/libtestfloat.a.p/berkeley-testfloat-3_source_test_a_extF80_z_ui32_x.c.o
[666/1001] Compiling C object tests/fp/libtestfloat.a.p/berkeley-testfloat-3_source_test_a_extF80_z_f32.c.o
[667/1001] Compiling C object tests/fp/libtestfloat.a.p/berkeley-testfloat-3_source_test_a_extF80_z_f16.c.o
[668/1001] Compiling C object tests/fp/libtestfloat.a.p/berkeley-testfloat-3_source_test_a_extF80_z_f128.c.o
[669/1001] Compiling C object tests/fp/libtestfloat.a.p/berkeley-testfloat-3_source_test_az_extF80.c.o
[670/1001] Compiling C object tests/fp/libtestfloat.a.p/berkeley-testfloat-3_source_test_a_f128_z_ui32_rx.c.o
[671/1001] Compiling C object tests/fp/libtestfloat.a.p/berkeley-testfloat-3_source_test_a_extF80_z_f64.c.o
[672/1001] Compiling C object tests/fp/libtestfloat.a.p/berkeley-testfloat-3_source_test_az_extF80_rx.c.o
[673/1001] Compiling C object tests/fp/libtestfloat.a.p/berkeley-testfloat-3_source_test_a_f128_z_ui64_rx.c.o
[674/1001] Compiling C object tests/fp/libtestfloat.a.p/berkeley-testfloat-3_source_test_abz_extF80.c.o
[675/1001] Compiling C object tests/fp/libtestfloat.a.p/berkeley-testfloat-3_source_test_a_f128_z_i64_rx.c.o
[676/1001] Compiling C object tests/fp/libtestfloat.a.p/berkeley-testfloat-3_source_test_ab_extF80_z_bool.c.o
[677/1001] Compiling C object tests/fp/libtestfloat.a.p/berkeley-testfloat-3_source_test_a_f128_z_ui32_x.c.o
[678/1001] Compiling C object tests/fp/libtestfloat.a.p/berkeley-testfloat-3_source_test_a_f128_z_i32_rx.c.o
[679/1001] Compiling C object tests/fp/libtestfloat.a.p/berkeley-testfloat-3_source_test_a_f128_z_i64_x.c.o
[680/1001] Compiling C object tests/fp/libtestfloat.a.p/berkeley-testfloat-3_source_test_a_f128_z_i32_x.c.o
[681/1001] Compiling C object tests/fp/libtestfloat.a.p/berkeley-testfloat-3_source_test_a_f128_z_f16.c.o
[682/1001] Compiling C object tests/fp/libtestfloat.a.p/berkeley-testfloat-3_source_test_a_f128_z_ui64_x.c.o
[683/1001] Compiling C object tests/fp/libtestfloat.a.p/berkeley-testfloat-3_source_test_a_f128_z_extF80.c.o
[684/1001] Compiling C object tests/fp/libtestfloat.a.p/berkeley-testfloat-3_source_test_a_f128_z_f32.c.o
[685/1001] Compiling C object tests/fp/libtestfloat.a.p/berkeley-testfloat-3_source_test_az_f128.c.o
[686/1001] Compiling C object tests/fp/libtestfloat.a.p/berkeley-testfloat-3_source_test_a_f128_z_f64.c.o
[687/1001] Compiling C object tests/fp/libtestfloat.a.p/berkeley-testfloat-3_source_test_az_f128_rx.c.o
[688/1001] Compiling C object tests/fp/libsoftfloat.a.p/berkeley-softfloat-3_source_s_shortShiftRightJam64.c.o
[689/1001] Compiling C object tests/fp/libsoftfloat.a.p/berkeley-softfloat-3_source_s_shortShiftRightJam64Extra.c.o
[690/1001] Compiling C object tests/fp/libsoftfloat.a.p/berkeley-softfloat-3_source_s_shiftRightJam32.c.o
[691/1001] Compiling C object tests/fp/libtestfloat.a.p/berkeley-testfloat-3_source_test_ab_f128_z_bool.c.o
[692/1001] Compiling C object tests/fp/libsoftfloat.a.p/berkeley-softfloat-3_source_s_le128.c.o
[693/1001] Compiling C object tests/fp/libsoftfloat.a.p/berkeley-softfloat-3_source_s_shortShiftRightJam128.c.o
[694/1001] Compiling C object tests/fp/libsoftfloat.a.p/berkeley-softfloat-3_source_s_eq128.c.o
[695/1001] Compiling C object tests/fp/libtestfloat.a.p/berkeley-testfloat-3_source_test_abcz_f128.c.o
[696/1001] Compiling C object tests/fp/libsoftfloat.a.p/berkeley-softfloat-3_source_s_lt128.c.o
[697/1001] Compiling C object tests/fp/libsoftfloat.a.p/berkeley-softfloat-3_source_s_shortShiftRightJam128Extra.c.o
[698/1001] Compiling C object tests/fp/libtestfloat.a.p/berkeley-testfloat-3_source_test_abz_f128.c.o
[699/1001] Compiling C object tests/fp/libsoftfloat.a.p/berkeley-softfloat-3_source_s_shiftRightJam64.c.o
[700/1001] Compiling C object tests/fp/libsoftfloat.a.p/berkeley-softfloat-3_source_s_shiftRightJam64Extra.c.o
[701/1001] Compiling C object tests/fp/libsoftfloat.a.p/berkeley-softfloat-3_source_s_shiftRightJam128.c.o
[702/1001] Compiling C object tests/fp/libsoftfloat.a.p/berkeley-softfloat-3_source_s_shiftRightJam128Extra.c.o
[703/1001] Compiling C object tests/fp/libsoftfloat.a.p/berkeley-softfloat-3_source_s_shortShiftLeft128.c.o
[704/1001] Compiling C object tests/fp/libsoftfloat.a.p/berkeley-softfloat-3_source_s_shiftRightJam256M.c.o
[705/1001] Compiling C object tests/fp/libsoftfloat.a.p/berkeley-softfloat-3_source_s_countLeadingZeros8.c.o
[706/1001] Compiling C object tests/fp/libsoftfloat.a.p/berkeley-softfloat-3_source_s_countLeadingZeros16.c.o
[707/1001] Compiling C object tests/fp/libsoftfloat.a.p/berkeley-softfloat-3_source_s_countLeadingZeros32.c.o
[708/1001] Compiling C object tests/fp/libsoftfloat.a.p/berkeley-softfloat-3_source_s_countLeadingZeros64.c.o
[709/1001] Compiling C object tests/fp/libsoftfloat.a.p/berkeley-softfloat-3_source_s_add128.c.o
[710/1001] Compiling C object tests/fp/libsoftfloat.a.p/berkeley-softfloat-3_source_s_sub128.c.o
[711/1001] Linking static target tests/fp/libtestfloat.a
[712/1001] Compiling C object tests/fp/libsoftfloat.a.p/berkeley-softfloat-3_source_s_add256M.c.o
[713/1001] Compiling C object tests/fp/libsoftfloat.a.p/berkeley-softfloat-3_source_s_mul128By32.c.o
[714/1001] Compiling C object tests/fp/libsoftfloat.a.p/berkeley-softfloat-3_source_s_mul64ByShifted32To128.c.o
[715/1001] Compiling C object tests/fp/libsoftfloat.a.p/berkeley-softfloat-3_source_s_approxRecip_1Ks.c.o
[716/1001] Compiling C object tests/fp/libsoftfloat.a.p/berkeley-softfloat-3_source_s_mul128To256M.c.o
[717/1001] Compiling C object tests/fp/libsoftfloat.a.p/berkeley-softfloat-3_source_s_mul64To128.c.o
[718/1001] Compiling C object tests/fp/libsoftfloat.a.p/berkeley-softfloat-3_source_s_approxRecipSqrt_1Ks.c.o
[719/1001] Compiling C object tests/fp/libsoftfloat.a.p/berkeley-softfloat-3_source_s_approxRecip32_1.c.o
[720/1001] Compiling C object tests/fp/libsoftfloat.a.p/berkeley-softfloat-3_source_s_sub256M.c.o
[721/1001] Compiling C object tests/fp/libsoftfloat.a.p/berkeley-softfloat-3_source_s_roundToUI32.c.o
[722/1001] Compiling C object tests/fp/libsoftfloat.a.p/berkeley-softfloat-3_source_s_approxRecipSqrt32_1.c.o
[723/1001] Compiling C object tests/fp/libsoftfloat.a.p/berkeley-softfloat-3_source_s_normSubnormalF16Sig.c.o
[724/1001] Compiling C object tests/fp/libsoftfloat.a.p/berkeley-softfloat-3_source_s_roundToI32.c.o
[725/1001] Compiling C object tests/fp/libsoftfloat.a.p/berkeley-softfloat-3_source_s_roundToI64.c.o
[726/1001] Compiling C object tests/fp/libsoftfloat.a.p/berkeley-softfloat-3_source_s_roundToUI64.c.o
[727/1001] Compiling C object tests/fp/libsoftfloat.a.p/berkeley-softfloat-3_source_s_normRoundPackToF16.c.o
[728/1001] Compiling C object tests/fp/libsoftfloat.a.p/berkeley-softfloat-3_source_s_roundPackToF16.c.o
[729/1001] Compiling C object tests/fp/libsoftfloat.a.p/berkeley-softfloat-3_source_s_addMagsF16.c.o
[730/1001] Compiling C object tests/fp/libsoftfloat.a.p/berkeley-softfloat-3_source_s_roundPackToF32.c.o
[731/1001] Compiling C object tests/fp/libsoftfloat.a.p/berkeley-softfloat-3_source_s_subMagsF16.c.o
[732/1001] Compiling C object tests/fp/libsoftfloat.a.p/berkeley-softfloat-3_source_s_addMagsF32.c.o
[733/1001] Compiling C object tests/fp/libsoftfloat.a.p/berkeley-softfloat-3_source_s_normRoundPackToF32.c.o
[734/1001] Compiling C object tests/fp/libsoftfloat.a.p/berkeley-softfloat-3_source_s_normSubnormalF32Sig.c.o
[735/1001] Compiling C object tests/fp/libsoftfloat.a.p/berkeley-softfloat-3_source_s_normSubnormalF64Sig.c.o
[736/1001] Compiling C object tests/fp/libsoftfloat.a.p/berkeley-softfloat-3_source_s_mulAddF16.c.o
[737/1001] Compiling C object tests/fp/libsoftfloat.a.p/berkeley-softfloat-3_source_s_subMagsF32.c.o
[738/1001] Compiling C object tests/fp/libsoftfloat.a.p/berkeley-softfloat-3_source_s_normRoundPackToF64.c.o
[739/1001] Compiling C object tests/fp/libsoftfloat.a.p/berkeley-softfloat-3_source_s_normSubnormalExtF80Sig.c.o
[740/1001] Compiling C object tests/fp/libsoftfloat.a.p/berkeley-softfloat-3_source_s_mulAddF32.c.o
[741/1001] Compiling C object tests/fp/libsoftfloat.a.p/berkeley-softfloat-3_source_s_subMagsF64.c.o
[742/1001] Compiling C object tests/fp/libsoftfloat.a.p/berkeley-softfloat-3_source_s_roundPackToF64.c.o
[743/1001] Compiling C object tests/fp/libsoftfloat.a.p/berkeley-softfloat-3_source_s_normRoundPackToExtF80.c.o
[744/1001] Compiling C object tests/fp/libsoftfloat.a.p/berkeley-softfloat-3_source_s_addMagsF64.c.o
[745/1001] Compiling C object tests/fp/libsoftfloat.a.p/berkeley-softfloat-3_source_s_mulAddF64.c.o
[746/1001] Compiling C object tests/fp/libsoftfloat.a.p/berkeley-softfloat-3_source_s_normSubnormalF128Sig.c.o
[747/1001] Compiling C object tests/fp/libsoftfloat.a.p/berkeley-softfloat-3_source_s_roundPackToExtF80.c.o
[748/1001] Compiling C object tests/fp/libsoftfloat.a.p/berkeley-softfloat-3_source_s_normRoundPackToF128.c.o
[749/1001] Compiling C object tests/fp/libsoftfloat.a.p/berkeley-softfloat-3_source_s_subMagsExtF80.c.o
[750/1001] Compiling C object tests/fp/libsoftfloat.a.p/berkeley-softfloat-3_source_s_addMagsExtF80.c.o
[751/1001] Compiling C object tests/fp/libsoftfloat.a.p/berkeley-softfloat-3_source_ui32_to_f16.c.o
[752/1001] Compiling C object tests/fp/libsoftfloat.a.p/berkeley-softfloat-3_source_ui32_to_f32.c.o
[753/1001] Compiling C object tests/fp/libsoftfloat.a.p/berkeley-softfloat-3_source_softfloat_state.c.o
[754/1001] Compiling C object tests/fp/libsoftfloat.a.p/berkeley-softfloat-3_source_s_subMagsF128.c.o
[755/1001] Compiling C object tests/fp/libsoftfloat.a.p/berkeley-softfloat-3_source_s_roundPackToF128.c.o
[756/1001] Compiling C object tests/fp/libsoftfloat.a.p/berkeley-softfloat-3_source_ui32_to_extF80.c.o
[757/1001] Compiling C object tests/fp/libsoftfloat.a.p/berkeley-softfloat-3_source_ui32_to_f128M.c.o
[758/1001] Compiling C object tests/fp/libsoftfloat.a.p/berkeley-softfloat-3_source_s_addMagsF128.c.o
[759/1001] Compiling C object tests/fp/libsoftfloat.a.p/berkeley-softfloat-3_source_ui32_to_extF80M.c.o
[760/1001] Compiling C object tests/fp/libsoftfloat.a.p/berkeley-softfloat-3_source_ui32_to_f64.c.o
[761/1001] Compiling C object tests/fp/libsoftfloat.a.p/berkeley-softfloat-3_source_ui32_to_f128.c.o
[762/1001] Compiling C object tests/fp/libsoftfloat.a.p/berkeley-softfloat-3_source_s_mulAddF128.c.o
[763/1001] Compiling C object tests/fp/libsoftfloat.a.p/berkeley-softfloat-3_source_ui64_to_extF80M.c.o
[764/1001] Compiling C object tests/fp/libsoftfloat.a.p/berkeley-softfloat-3_source_ui64_to_f16.c.o
[765/1001] Compiling C object tests/fp/libsoftfloat.a.p/berkeley-softfloat-3_source_ui64_to_f32.c.o
[766/1001] Compiling C object tests/fp/libsoftfloat.a.p/berkeley-softfloat-3_source_ui64_to_f64.c.o
[767/1001] Compiling C object tests/fp/libsoftfloat.a.p/berkeley-softfloat-3_source_ui64_to_extF80.c.o
[768/1001] Compiling C object tests/fp/libsoftfloat.a.p/berkeley-softfloat-3_source_ui64_to_f128M.c.o
[769/1001] Compiling C object tests/fp/libsoftfloat.a.p/berkeley-softfloat-3_source_ui64_to_f128.c.o
[770/1001] Compiling C object tests/fp/libsoftfloat.a.p/berkeley-softfloat-3_source_i32_to_f32.c.o
[771/1001] Compiling C object tests/fp/libsoftfloat.a.p/berkeley-softfloat-3_source_i32_to_f64.c.o
[772/1001] Compiling C object tests/fp/libsoftfloat.a.p/berkeley-softfloat-3_source_i32_to_f16.c.o
[773/1001] Compiling C object tests/fp/libsoftfloat.a.p/berkeley-softfloat-3_source_i32_to_extF80M.c.o
[774/1001] Compiling C object tests/fp/libsoftfloat.a.p/berkeley-softfloat-3_source_i32_to_extF80.c.o
[775/1001] Compiling C object tests/fp/libsoftfloat.a.p/berkeley-softfloat-3_source_i32_to_f128.c.o
[776/1001] Compiling C object tests/fp/libsoftfloat.a.p/berkeley-softfloat-3_source_i32_to_f128M.c.o
[777/1001] Compiling C object tests/fp/libsoftfloat.a.p/berkeley-softfloat-3_source_i64_to_f16.c.o
[778/1001] Compiling C object tests/fp/libsoftfloat.a.p/berkeley-softfloat-3_source_i64_to_f64.c.o
[779/1001] Compiling C object tests/fp/libsoftfloat.a.p/berkeley-softfloat-3_source_i64_to_f32.c.o
[780/1001] Compiling C object tests/fp/libsoftfloat.a.p/berkeley-softfloat-3_source_i64_to_extF80M.c.o
[781/1001] Compiling C object tests/fp/libsoftfloat.a.p/berkeley-softfloat-3_source_i64_to_f128M.c.o
[782/1001] Compiling C object tests/fp/libsoftfloat.a.p/berkeley-softfloat-3_source_i64_to_f128.c.o
[783/1001] Compiling C object tests/fp/libsoftfloat.a.p/berkeley-softfloat-3_source_i64_to_extF80.c.o
[784/1001] Compiling C object tests/fp/libsoftfloat.a.p/berkeley-softfloat-3_source_f16_to_ui64.c.o
[785/1001] Compiling C object tests/fp/libsoftfloat.a.p/berkeley-softfloat-3_source_f16_to_i64.c.o
[786/1001] Compiling C object tests/fp/libsoftfloat.a.p/berkeley-softfloat-3_source_f16_to_ui32.c.o
[787/1001] Compiling C object tests/fp/libsoftfloat.a.p/berkeley-softfloat-3_source_f16_to_ui64_r_minMag.c.o
[788/1001] Compiling C object tests/fp/libsoftfloat.a.p/berkeley-softfloat-3_source_f16_to_i32.c.o
[789/1001] Compiling C object tests/fp/libsoftfloat.a.p/berkeley-softfloat-3_source_f16_to_ui32_r_minMag.c.o
[790/1001] Compiling C object tests/fp/libsoftfloat.a.p/berkeley-softfloat-3_source_f16_to_i32_r_minMag.c.o
[791/1001] Compiling C object tests/fp/libsoftfloat.a.p/berkeley-softfloat-3_source_f16_to_i64_r_minMag.c.o
[792/1001] Compiling C object tests/fp/libsoftfloat.a.p/berkeley-softfloat-3_source_f16_to_f32.c.o
[793/1001] Compiling C object tests/fp/libsoftfloat.a.p/berkeley-softfloat-3_source_f16_to_extF80M.c.o
[794/1001] Compiling C object tests/fp/libsoftfloat.a.p/berkeley-softfloat-3_source_f16_to_f64.c.o
[795/1001] Compiling C object tests/fp/libsoftfloat.a.p/berkeley-softfloat-3_source_f16_to_extF80.c.o
[796/1001] Compiling C object tests/fp/libsoftfloat.a.p/berkeley-softfloat-3_source_f16_to_f128.c.o
[797/1001] Compiling C object tests/fp/libsoftfloat.a.p/berkeley-softfloat-3_source_f16_sub.c.o
[798/1001] Compiling C object tests/fp/libsoftfloat.a.p/berkeley-softfloat-3_source_f16_add.c.o
[799/1001] Compiling C object tests/fp/libsoftfloat.a.p/berkeley-softfloat-3_source_f16_mulAdd.c.o
[800/1001] Compiling C object tests/fp/libsoftfloat.a.p/berkeley-softfloat-3_source_f16_to_f128M.c.o
[801/1001] Compiling C object tests/fp/libsoftfloat.a.p/berkeley-softfloat-3_source_f16_roundToInt.c.o
[802/1001] Compiling C object tests/fp/libsoftfloat.a.p/berkeley-softfloat-3_source_f16_mul.c.o
[803/1001] Compiling C object tests/fp/libsoftfloat.a.p/berkeley-softfloat-3_source_f16_div.c.o
[804/1001] Compiling C object tests/fp/libsoftfloat.a.p/berkeley-softfloat-3_source_f16_rem.c.o
[805/1001] Compiling C object tests/fp/libsoftfloat.a.p/berkeley-softfloat-3_source_f16_eq.c.o
[806/1001] Compiling C object tests/fp/libsoftfloat.a.p/berkeley-softfloat-3_source_f16_le.c.o
[807/1001] Compiling C object tests/fp/libsoftfloat.a.p/berkeley-softfloat-3_source_f16_lt.c.o
[808/1001] Compiling C object tests/fp/libsoftfloat.a.p/berkeley-softfloat-3_source_f16_isSignalingNaN.c.o
[809/1001] Compiling C object tests/fp/libsoftfloat.a.p/berkeley-softfloat-3_source_f16_sqrt.c.o
[810/1001] Compiling C object tests/fp/libsoftfloat.a.p/berkeley-softfloat-3_source_f16_eq_signaling.c.o
[811/1001] Compiling C object tests/fp/libsoftfloat.a.p/berkeley-softfloat-3_source_f16_lt_quiet.c.o
[812/1001] Compiling C object tests/fp/libsoftfloat.a.p/berkeley-softfloat-3_source_f16_le_quiet.c.o
[813/1001] Compiling C object tests/fp/libsoftfloat.a.p/berkeley-softfloat-3_source_f32_to_ui32.c.o
[814/1001] Compiling C object tests/fp/libsoftfloat.a.p/berkeley-softfloat-3_source_f32_to_ui64_r_minMag.c.o
[815/1001] Compiling C object tests/fp/libsoftfloat.a.p/berkeley-softfloat-3_source_f32_to_i32.c.o
[816/1001] Compiling C object tests/fp/libsoftfloat.a.p/berkeley-softfloat-3_source_f32_to_ui32_r_minMag.c.o
[817/1001] Compiling C object tests/fp/libsoftfloat.a.p/berkeley-softfloat-3_source_f32_to_ui64.c.o
[818/1001] Compiling C object tests/fp/libsoftfloat.a.p/berkeley-softfloat-3_source_f32_to_i64.c.o
[819/1001] Compiling C object tests/fp/libsoftfloat.a.p/berkeley-softfloat-3_source_f32_to_i64_r_minMag.c.o
[820/1001] Compiling C object tests/fp/libsoftfloat.a.p/berkeley-softfloat-3_source_f32_to_i32_r_minMag.c.o
[821/1001] Compiling C object tests/fp/libsoftfloat.a.p/berkeley-softfloat-3_source_f32_to_extF80.c.o
[822/1001] Compiling C object tests/fp/libsoftfloat.a.p/berkeley-softfloat-3_source_f32_to_extF80M.c.o
[823/1001] Compiling C object tests/fp/libsoftfloat.a.p/berkeley-softfloat-3_source_f32_to_f16.c.o
[824/1001] Compiling C object tests/fp/libsoftfloat.a.p/berkeley-softfloat-3_source_f32_to_f128.c.o
[825/1001] Compiling C object tests/fp/libsoftfloat.a.p/berkeley-softfloat-3_source_f32_to_f64.c.o
[826/1001] Compiling C object tests/fp/libsoftfloat.a.p/berkeley-softfloat-3_source_f32_to_f128M.c.o
[827/1001] Compiling C object tests/fp/libsoftfloat.a.p/berkeley-softfloat-3_source_f32_add.c.o
[828/1001] Compiling C object tests/fp/libsoftfloat.a.p/berkeley-softfloat-3_source_f32_roundToInt.c.o
[829/1001] Compiling C object tests/fp/libsoftfloat.a.p/berkeley-softfloat-3_source_f32_sub.c.o
[830/1001] Compiling C object tests/fp/libsoftfloat.a.p/berkeley-softfloat-3_source_f32_mulAdd.c.o
[831/1001] Compiling C object tests/fp/libsoftfloat.a.p/berkeley-softfloat-3_source_f32_mul.c.o
[832/1001] Compiling C object tests/fp/libsoftfloat.a.p/berkeley-softfloat-3_source_f32_div.c.o
[833/1001] Compiling C object tests/fp/libsoftfloat.a.p/berkeley-softfloat-3_source_f32_eq.c.o
[834/1001] Compiling C object tests/fp/libsoftfloat.a.p/berkeley-softfloat-3_source_f32_le.c.o
[835/1001] Compiling C object tests/fp/libsoftfloat.a.p/berkeley-softfloat-3_source_f32_sqrt.c.o
[836/1001] Compiling C object tests/fp/libsoftfloat.a.p/berkeley-softfloat-3_source_f32_lt.c.o
[837/1001] Compiling C object tests/fp/libsoftfloat.a.p/berkeley-softfloat-3_source_f32_rem.c.o
[838/1001] Compiling C object tests/fp/libsoftfloat.a.p/berkeley-softfloat-3_source_f32_le_quiet.c.o
[839/1001] Compiling C object tests/fp/libsoftfloat.a.p/berkeley-softfloat-3_source_f32_eq_signaling.c.o
[840/1001] Compiling C object tests/fp/libsoftfloat.a.p/berkeley-softfloat-3_source_f32_lt_quiet.c.o
[841/1001] Compiling C object tests/fp/libsoftfloat.a.p/berkeley-softfloat-3_source_f64_to_ui32.c.o
[842/1001] Compiling C object tests/fp/libsoftfloat.a.p/berkeley-softfloat-3_source_f64_to_i32.c.o
[843/1001] Compiling C object tests/fp/libsoftfloat.a.p/berkeley-softfloat-3_source_f64_to_ui64.c.o
[844/1001] Compiling C object tests/fp/libsoftfloat.a.p/berkeley-softfloat-3_source_f32_isSignalingNaN.c.o
[845/1001] Compiling C object tests/fp/libsoftfloat.a.p/berkeley-softfloat-3_source_f64_to_i64.c.o
[846/1001] Compiling C object tests/fp/libsoftfloat.a.p/berkeley-softfloat-3_source_f64_to_ui32_r_minMag.c.o
[847/1001] Compiling C object tests/fp/libsoftfloat.a.p/berkeley-softfloat-3_source_f64_to_ui64_r_minMag.c.o
[848/1001] Compiling C object tests/fp/libsoftfloat.a.p/berkeley-softfloat-3_source_f64_to_i32_r_minMag.c.o
[849/1001] Compiling C object tests/fp/libsoftfloat.a.p/berkeley-softfloat-3_source_f64_to_i64_r_minMag.c.o
[850/1001] Compiling C object tests/fp/libsoftfloat.a.p/berkeley-softfloat-3_source_f64_to_f32.c.o
[851/1001] Compiling C object tests/fp/libsoftfloat.a.p/berkeley-softfloat-3_source_f64_to_extF80M.c.o
[852/1001] Compiling C object tests/fp/libsoftfloat.a.p/berkeley-softfloat-3_source_f64_to_f16.c.o
[853/1001] Compiling C object tests/fp/libsoftfloat.a.p/berkeley-softfloat-3_source_f64_to_f128.c.o
[854/1001] Compiling C object tests/fp/libsoftfloat.a.p/berkeley-softfloat-3_source_f64_to_extF80.c.o
[855/1001] Compiling C object tests/fp/libsoftfloat.a.p/berkeley-softfloat-3_source_f64_to_f128M.c.o
[856/1001] Compiling C object tests/fp/libsoftfloat.a.p/berkeley-softfloat-3_source_f64_add.c.o
[857/1001] Compiling C object tests/fp/libsoftfloat.a.p/berkeley-softfloat-3_source_f64_mul.c.o
[858/1001] Compiling C object tests/fp/libsoftfloat.a.p/berkeley-softfloat-3_source_f64_roundToInt.c.o
[859/1001] Compiling C object tests/fp/libsoftfloat.a.p/berkeley-softfloat-3_source_f64_sub.c.o
[860/1001] Compiling C object tests/fp/libsoftfloat.a.p/berkeley-softfloat-3_source_f64_mulAdd.c.o
[861/1001] Compiling C object tests/fp/libsoftfloat.a.p/berkeley-softfloat-3_source_f64_eq.c.o
[862/1001] Compiling C object tests/fp/libsoftfloat.a.p/berkeley-softfloat-3_source_f64_lt.c.o
[863/1001] Compiling C object tests/fp/libsoftfloat.a.p/berkeley-softfloat-3_source_f64_sqrt.c.o
[864/1001] Compiling C object tests/fp/libsoftfloat.a.p/berkeley-softfloat-3_source_f64_eq_signaling.c.o
[865/1001] Compiling C object tests/fp/libsoftfloat.a.p/berkeley-softfloat-3_source_f64_le.c.o
[866/1001] Compiling C object tests/fp/libsoftfloat.a.p/berkeley-softfloat-3_source_f64_rem.c.o
[867/1001] Compiling C object tests/fp/libsoftfloat.a.p/berkeley-softfloat-3_source_f64_div.c.o
[868/1001] Compiling C object tests/fp/libsoftfloat.a.p/berkeley-softfloat-3_source_f64_isSignalingNaN.c.o
[869/1001] Compiling C object tests/fp/libsoftfloat.a.p/berkeley-softfloat-3_source_f64_le_quiet.c.o
[870/1001] Compiling C object tests/fp/libsoftfloat.a.p/berkeley-softfloat-3_source_f64_lt_quiet.c.o
[871/1001] Compiling C object tests/fp/libsoftfloat.a.p/berkeley-softfloat-3_source_extF80_to_i32.c.o
[872/1001] Compiling C object tests/fp/libsoftfloat.a.p/berkeley-softfloat-3_source_extF80_to_ui64.c.o
[873/1001] Compiling C object tests/fp/libsoftfloat.a.p/berkeley-softfloat-3_source_extF80_to_i64.c.o
[874/1001] Compiling C object tests/fp/libsoftfloat.a.p/berkeley-softfloat-3_source_extF80_to_ui32.c.o
[875/1001] Compiling C object tests/fp/libsoftfloat.a.p/berkeley-softfloat-3_source_extF80_to_i32_r_minMag.c.o
[876/1001] Compiling C object tests/fp/libsoftfloat.a.p/berkeley-softfloat-3_source_extF80_to_ui32_r_minMag.c.o
[877/1001] Compiling C object tests/fp/libsoftfloat.a.p/berkeley-softfloat-3_source_extF80_to_ui64_r_minMag.c.o
[878/1001] Compiling C object tests/fp/libsoftfloat.a.p/berkeley-softfloat-3_source_extF80_to_f64.c.o
[879/1001] Compiling C object tests/fp/libsoftfloat.a.p/berkeley-softfloat-3_source_extF80_to_f16.c.o
[880/1001] Compiling C object tests/fp/libsoftfloat.a.p/berkeley-softfloat-3_source_extF80_to_i64_r_minMag.c.o
[881/1001] Compiling C object tests/fp/libsoftfloat.a.p/berkeley-softfloat-3_source_extF80_add.c.o
[882/1001] Compiling C object tests/fp/libsoftfloat.a.p/berkeley-softfloat-3_source_extF80_to_f32.c.o
[883/1001] Compiling C object tests/fp/libsoftfloat.a.p/berkeley-softfloat-3_source_extF80_sub.c.o
[884/1001] Compiling C object tests/fp/libsoftfloat.a.p/berkeley-softfloat-3_source_extF80_to_f128.c.o
[885/1001] Compiling C object tests/fp/libsoftfloat.a.p/berkeley-softfloat-3_source_extF80_mul.c.o
[886/1001] Compiling C object tests/fp/libsoftfloat.a.p/berkeley-softfloat-3_source_extF80_div.c.o
[887/1001] Compiling C object tests/fp/libsoftfloat.a.p/berkeley-softfloat-3_source_extF80_isSignalingNaN.c.o
[888/1001] Compiling C object tests/fp/libsoftfloat.a.p/berkeley-softfloat-3_source_extF80_le_quiet.c.o
[889/1001] Compiling C object tests/fp/libsoftfloat.a.p/berkeley-softfloat-3_source_extF80_roundToInt.c.o
[890/1001] Compiling C object tests/fp/libsoftfloat.a.p/berkeley-softfloat-3_source_extF80_eq_signaling.c.o
[891/1001] Compiling C object tests/fp/libsoftfloat.a.p/berkeley-softfloat-3_source_extF80_lt_quiet.c.o
[892/1001] Compiling C object tests/fp/libsoftfloat.a.p/berkeley-softfloat-3_source_extF80_rem.c.o
[893/1001] Compiling C object tests/fp/libsoftfloat.a.p/berkeley-softfloat-3_source_extF80M_to_ui64.c.o
[894/1001] Compiling C object tests/fp/libsoftfloat.a.p/berkeley-softfloat-3_source_extF80M_to_ui32.c.o
[895/1001] Compiling C object tests/fp/libsoftfloat.a.p/berkeley-softfloat-3_source_extF80M_to_i32.c.o
[896/1001] Compiling C object tests/fp/libsoftfloat.a.p/berkeley-softfloat-3_source_extF80M_to_i64.c.o
[897/1001] Compiling C object tests/fp/libsoftfloat.a.p/berkeley-softfloat-3_source_extF80_sqrt.c.o
[898/1001] Compiling C object tests/fp/libsoftfloat.a.p/berkeley-softfloat-3_source_extF80M_to_ui64_r_minMag.c.o
[899/1001] Compiling C object tests/fp/libsoftfloat.a.p/berkeley-softfloat-3_source_extF80M_to_i32_r_minMag.c.o
[900/1001] Compiling C object tests/fp/libsoftfloat.a.p/berkeley-softfloat-3_source_extF80M_to_i64_r_minMag.c.o
[901/1001] Compiling C object tests/fp/libsoftfloat.a.p/berkeley-softfloat-3_source_extF80M_to_ui32_r_minMag.c.o
[902/1001] Compiling C object tests/fp/libsoftfloat.a.p/berkeley-softfloat-3_source_extF80M_to_f16.c.o
[903/1001] Compiling C object tests/fp/libsoftfloat.a.p/berkeley-softfloat-3_source_extF80M_to_f32.c.o
[904/1001] Compiling C object tests/fp/libsoftfloat.a.p/berkeley-softfloat-3_source_extF80M_to_f128M.c.o
[905/1001] Compiling C object tests/fp/libsoftfloat.a.p/berkeley-softfloat-3_source_extF80M_to_f64.c.o
[906/1001] Compiling C object tests/fp/libsoftfloat.a.p/berkeley-softfloat-3_source_extF80M_roundToInt.c.o
[907/1001] Compiling C object tests/fp/libsoftfloat.a.p/berkeley-softfloat-3_source_extF80M_add.c.o
[908/1001] Compiling C object tests/fp/libsoftfloat.a.p/berkeley-softfloat-3_source_extF80M_sub.c.o
[909/1001] Compiling C object tests/fp/libsoftfloat.a.p/berkeley-softfloat-3_source_extF80M_div.c.o
[910/1001] Compiling C object tests/fp/libsoftfloat.a.p/berkeley-softfloat-3_source_extF80M_rem.c.o
[911/1001] Compiling C object tests/fp/libsoftfloat.a.p/berkeley-softfloat-3_source_extF80M_mul.c.o
[912/1001] Compiling C object tests/fp/libsoftfloat.a.p/berkeley-softfloat-3_source_extF80M_le.c.o
[913/1001] Compiling C object tests/fp/libsoftfloat.a.p/berkeley-softfloat-3_source_extF80M_lt.c.o
[914/1001] Compiling C object tests/fp/libsoftfloat.a.p/berkeley-softfloat-3_source_extF80M_sqrt.c.o
[915/1001] Compiling C object tests/fp/libsoftfloat.a.p/berkeley-softfloat-3_source_extF80M_eq_signaling.c.o
[916/1001] Compiling C object tests/fp/libsoftfloat.a.p/berkeley-softfloat-3_source_extF80M_eq.c.o
[917/1001] Compiling C object tests/fp/libsoftfloat.a.p/berkeley-softfloat-3_source_extF80M_le_quiet.c.o
[918/1001] Compiling C object tests/fp/libsoftfloat.a.p/berkeley-softfloat-3_source_f128_to_ui32.c.o
[919/1001] Compiling C object tests/fp/libsoftfloat.a.p/berkeley-softfloat-3_source_extF80M_lt_quiet.c.o
[920/1001] Compiling C object tests/fp/libsoftfloat.a.p/berkeley-softfloat-3_source_f128_to_ui64.c.o
[921/1001] Compiling C object tests/fp/libsoftfloat.a.p/berkeley-softfloat-3_source_f128_to_i32.c.o
[922/1001] Compiling C object tests/fp/libsoftfloat.a.p/berkeley-softfloat-3_source_f128_to_i64.c.o
[923/1001] Compiling C object tests/fp/libsoftfloat.a.p/berkeley-softfloat-3_source_f128_to_i32_r_minMag.c.o
[924/1001] Compiling C object tests/fp/libsoftfloat.a.p/berkeley-softfloat-3_source_f128_to_ui32_r_minMag.c.o
[925/1001] Compiling C object tests/fp/libsoftfloat.a.p/berkeley-softfloat-3_source_f128_to_i64_r_minMag.c.o
[926/1001] Compiling C object tests/fp/libsoftfloat.a.p/berkeley-softfloat-3_source_f128_to_f16.c.o
[927/1001] Compiling C object tests/fp/libsoftfloat.a.p/berkeley-softfloat-3_source_f128_to_ui64_r_minMag.c.o
[928/1001] Compiling C object tests/fp/libsoftfloat.a.p/berkeley-softfloat-3_source_f128_to_f32.c.o
[929/1001] Compiling C object tests/fp/libsoftfloat.a.p/berkeley-softfloat-3_source_f128_add.c.o
[930/1001] Compiling C object tests/fp/libsoftfloat.a.p/berkeley-softfloat-3_source_f128_to_extF80.c.o
[931/1001] Compiling C object tests/fp/libsoftfloat.a.p/berkeley-softfloat-3_source_f128_sub.c.o
[932/1001] Compiling C object tests/fp/libsoftfloat.a.p/berkeley-softfloat-3_source_f128_to_f64.c.o
[933/1001] Compiling C object tests/fp/libsoftfloat.a.p/berkeley-softfloat-3_source_f128_roundToInt.c.o
[934/1001] Compiling C object tests/fp/libsoftfloat.a.p/berkeley-softfloat-3_source_f128_mulAdd.c.o
[935/1001] Compiling C object tests/fp/libsoftfloat.a.p/berkeley-softfloat-3_source_f128_eq.c.o
[936/1001] Compiling C object tests/fp/libsoftfloat.a.p/berkeley-softfloat-3_source_f128_le.c.o
[937/1001] Compiling C object tests/fp/libsoftfloat.a.p/berkeley-softfloat-3_source_f128_sqrt.c.o
[938/1001] Compiling C object tests/fp/libsoftfloat.a.p/berkeley-softfloat-3_source_f128_mul.c.o
[939/1001] Compiling C object tests/fp/libsoftfloat.a.p/berkeley-softfloat-3_source_f128_eq_signaling.c.o
[940/1001] Compiling C object tests/fp/libsoftfloat.a.p/berkeley-softfloat-3_source_f128_lt.c.o
[941/1001] Compiling C object tests/fp/libsoftfloat.a.p/berkeley-softfloat-3_source_f128_lt_quiet.c.o
[942/1001] Compiling C object tests/fp/libsoftfloat.a.p/berkeley-softfloat-3_source_f128_rem.c.o
[943/1001] Compiling C object tests/fp/libsoftfloat.a.p/berkeley-softfloat-3_source_f128_le_quiet.c.o
[944/1001] Compiling C object tests/fp/libsoftfloat.a.p/berkeley-softfloat-3_source_f128M_to_ui32.c.o
[945/1001] Compiling C object tests/fp/libsoftfloat.a.p/berkeley-softfloat-3_source_f128M_to_ui64.c.o
[946/1001] Compiling C object tests/fp/libsoftfloat.a.p/berkeley-softfloat-3_source_f128_isSignalingNaN.c.o
[947/1001] Compiling C object tests/fp/libsoftfloat.a.p/berkeley-softfloat-3_source_f128_div.c.o
[948/1001] Compiling C object tests/fp/libsoftfloat.a.p/berkeley-softfloat-3_source_f128M_to_i64.c.o
[949/1001] Compiling C object tests/fp/libsoftfloat.a.p/berkeley-softfloat-3_source_f128M_to_i32.c.o
[950/1001] Compiling C object tests/fp/libsoftfloat.a.p/berkeley-softfloat-3_source_f128M_to_i64_r_minMag.c.o
[951/1001] Compiling C object tests/fp/libsoftfloat.a.p/berkeley-softfloat-3_source_f128M_to_ui32_r_minMag.c.o
[952/1001] Compiling C object tests/fp/libsoftfloat.a.p/berkeley-softfloat-3_source_f128M_to_i32_r_minMag.c.o
[953/1001] Compiling C object tests/fp/libsoftfloat.a.p/berkeley-softfloat-3_source_f128M_to_f16.c.o
[954/1001] Compiling C object tests/fp/libsoftfloat.a.p/berkeley-softfloat-3_source_f128M_to_ui64_r_minMag.c.o
[955/1001] Compiling C object tests/fp/libsoftfloat.a.p/berkeley-softfloat-3_source_f128M_to_f32.c.o
[956/1001] Compiling C object tests/fp/libsoftfloat.a.p/berkeley-softfloat-3_source_f128M_roundToInt.c.o
[957/1001] Compiling C object tests/fp/libsoftfloat.a.p/berkeley-softfloat-3_source_f128M_sub.c.o
[958/1001] Compiling C object tests/fp/libsoftfloat.a.p/berkeley-softfloat-3_source_f128M_to_extF80M.c.o
[959/1001] Compiling C object tests/fp/libsoftfloat.a.p/berkeley-softfloat-3_source_f128M_add.c.o
[960/1001] Compiling C object tests/fp/libsoftfloat.a.p/berkeley-softfloat-3_source_f128M_to_f64.c.o
[961/1001] Compiling C object tests/fp/libsoftfloat.a.p/berkeley-softfloat-3_source_f128M_mul.c.o
[962/1001] Compiling C object tests/fp/libsoftfloat.a.p/berkeley-softfloat-3_source_f128M_mulAdd.c.o
[963/1001] Compiling C object tests/fp/libsoftfloat.a.p/berkeley-softfloat-3_source_f128M_eq.c.o
[964/1001] Compiling C object tests/fp/libsoftfloat.a.p/berkeley-softfloat-3_source_f128M_sqrt.c.o
[965/1001] Compiling C object tests/fp/libsoftfloat.a.p/berkeley-softfloat-3_source_f128M_div.c.o
[966/1001] Compiling C object tests/fp/libsoftfloat.a.p/berkeley-softfloat-3_source_f128M_rem.c.o
[967/1001] Compiling C object tests/fp/libsoftfloat.a.p/berkeley-softfloat-3_source_f128M_le.c.o
[968/1001] Compiling C object tests/fp/libsoftfloat.a.p/berkeley-softfloat-3_source_f128M_lt.c.o
[969/1001] Compiling C object tests/fp/libsoftfloat.a.p/berkeley-softfloat-3_source_f128M_eq_signaling.c.o
[970/1001] Compiling C object tests/fp/libsoftfloat.a.p/berkeley-softfloat-3_source_8086-SSE_softfloat_raiseFlags.c.o
[971/1001] Compiling C object tests/fp/libsoftfloat.a.p/berkeley-softfloat-3_source_f128M_le_quiet.c.o
[972/1001] Compiling C object tests/fp/libsoftfloat.a.p/berkeley-softfloat-3_source_f128M_lt_quiet.c.o
[973/1001] Compiling C object tests/fp/libsoftfloat.a.p/berkeley-softfloat-3_source_8086-SSE_s_f16UIToCommonNaN.c.o
[974/1001] Compiling C object tests/fp/libsoftfloat.a.p/berkeley-softfloat-3_source_8086-SSE_s_commonNaNToF32UI.c.o
[975/1001] Compiling C object tests/fp/libsoftfloat.a.p/berkeley-softfloat-3_source_8086-SSE_s_propagateNaNF16UI.c.o
[976/1001] Compiling C object tests/fp/libsoftfloat.a.p/berkeley-softfloat-3_source_8086-SSE_s_commonNaNToF16UI.c.o
[977/1001] Compiling C object tests/fp/libsoftfloat.a.p/berkeley-softfloat-3_source_8086-SSE_s_f32UIToCommonNaN.c.o
[978/1001] Compiling C object tests/fp/libsoftfloat.a.p/berkeley-softfloat-3_source_8086-SSE_s_propagateNaNF32UI.c.o
[979/1001] Compiling C object tests/fp/libsoftfloat.a.p/berkeley-softfloat-3_source_8086-SSE_s_f64UIToCommonNaN.c.o
[980/1001] Compiling C object tests/fp/libsoftfloat.a.p/berkeley-softfloat-3_source_8086-SSE_s_commonNaNToF64UI.c.o
[981/1001] Compiling C object tests/fp/libsoftfloat.a.p/berkeley-softfloat-3_source_8086-SSE_extF80M_isSignalingNaN.c.o
[982/1001] Compiling C object tests/fp/libsoftfloat.a.p/berkeley-softfloat-3_source_8086-SSE_s_propagateNaNF64UI.c.o
[983/1001] Compiling C object tests/fp/libsoftfloat.a.p/berkeley-softfloat-3_source_8086-SSE_s_extF80UIToCommonNaN.c.o
[984/1001] Compiling C object tests/fp/libsoftfloat.a.p/berkeley-softfloat-3_source_8086-SSE_s_commonNaNToExtF80UI.c.o
[985/1001] Compiling C object tests/fp/libsoftfloat.a.p/berkeley-softfloat-3_source_8086-SSE_s_propagateNaNExtF80UI.c.o
[986/1001] Compiling C object tests/plugin/libempty.so.p/empty.c.o
[987/1001] Linking target tests/plugin/libempty.so
[988/1001] Compiling C object tests/plugin/libbb.so.p/bb.c.o
[989/1001] Compiling C object tests/plugin/libmem.so.p/mem.c.o
[990/1001] Compiling C object tests/plugin/libinsn.so.p/insn.c.o
[991/1001] Linking target tests/plugin/libbb.so
[992/1001] Linking target tests/plugin/libmem.so
[993/1001] Linking target tests/plugin/libinsn.so
[994/1001] Linking static target tests/fp/libsoftfloat.a
[995/1001] Compiling C object tests/fp/fp-test.p/fp-test.c.o
[996/1001] Compiling C object tests/fp/fp-bench.p/fp-bench.c.o
[997/1001] Compiling C object tests/fp/fp-test.p/berkeley-testfloat-3_source_slowfloat.c.o
[998/1001] Compiling C object tests/fp/fp-bench.p/.._.._fpu_softfloat.c.o
[999/1001] Compiling C object tests/fp/fp-test.p/.._.._fpu_softfloat.c.o
[1000/1001] Linking target tests/fp/fp-bench
[1001/1001] Linking target tests/fp/fp-test
make[1]: Leaving directory '/home/kai/project/afl_plus/AFLplusplus/qemu_mode/qemuafl/build'
changing dir to build for make ""...
make[1]: Entering directory '/home/kai/project/afl_plus/AFLplusplus/qemu_mode/qemuafl/build'
  GIT     ui/keycodemapdb tests/fp/berkeley-testfloat-3 tests/fp/berkeley-softfloat-3 meson capstone slirp
[1/30] Generating QAPI test (include) with a custom command
[2/4] Generating qemu-version.h with a meson_exe.py custom command
fatal: No names found, cannot describe anything.
make[1]: Leaving directory '/home/kai/project/afl_plus/AFLplusplus/qemu_mode/qemuafl/build'
[+] Build process successful!
[*] Copying binary...
-rwxrwxr-x 1 kai kai 5161712 Feb  8 16:15 ../afl-qemu-trace
[+] Successfully created '../afl-qemu-trace'.
[*] Testing the build...
[*] Comparing two afl-showmap -Q outputs...
[1;94m[*] [0mSpinning up the fork server...[0m
[1;92m[+] [0mAll right - fork server is up.[0m
[1;94m[*] [0mTarget map size: 65536[0m
[1;94m[*] [0mSpinning up the fork server...[0m
[1;92m[+] [0mAll right - fork server is up.[0m
[1;94m[*] [0mTarget map size: 65536[0m
[-] Error: afl-qemu-trace instrumentation doesn't seem to work!
